413  [main] INFO  test.java.LogTest - >>>>>>>>>>>>>>>>>>>>>>>>>>>>>>>>>>>>>class test.java.RegisterTest<<<<<<<<<<<<<<<<<<<<<<<<<<<<<<<<<<<<<<<
1060 [main] DEBUG main.Driver.WebDriverFactory - Requested driver: Capabilities [{firefox_profile=org.openqa.selenium.firefox.FirefoxProfile@58bf3596, browserName=firefox, proxy=org.openqa.selenium.Proxy@7157385e}]:null
4279 [main] INFO  m.Driver.MyWebDriverEventListener - WebDriver navigating to:'https://plush.com.ua/'
10300 [main] DEBUG m.Driver.MyWebDriverEventListener - Webdriver will click on element tag:li id:  ('Русский▼')
10609 [main] DEBUG m.Driver.MyWebDriverEventListener - Webdriver clicked on element tag:li id:  ('Русский')
10609 [main] INFO  test.java.LogTest - Get element by locator: By.xpath: //div[@class='select-lang open-lang sh']//a[text()='Русский']
10609 [main] INFO  test.java.LogTest - Locating remaining time: 90 seconds.
10706 [main] DEBUG m.Driver.MyWebDriverEventListener - Webdriver will click on element tag:a id:  ('Русский')
10995 [main] DEBUG m.Driver.MyWebDriverEventListener - Webdriver clicked on element tag:a id:  ('Русский')
10995 [main] INFO  test.java.LogTest - Finished finding after waiting for 386 milliseconds.
11027 [main] INFO  test.java.LogTest - _______________________Test = facebookValidLoginPopup()_______________________
11111 [main] DEBUG m.Driver.MyWebDriverEventListener - Webdriver will click on element tag:a id: js_header_signup ('Регистрация')
11441 [main] DEBUG m.Driver.MyWebDriverEventListener - Webdriver clicked on element tag:a id: js_header_signup ('Регистрация')
21634 [main] ERROR m.Driver.MyWebDriverEventListener - ________________________________________________________________________________________________________________
21634 [main] ERROR m.Driver.MyWebDriverEventListener - WebDriver error: Element not found By.selector: button.button_loginit.button_big.button_loginit_fb.js_fb_button_register
21634 [main] ERROR m.Driver.MyWebDriverEventListener - ________________________________________________________________________________________________________________
31759 [main] ERROR m.Driver.MyWebDriverEventListener - ________________________________________________________________________________________________________________
31759 [main] ERROR m.Driver.MyWebDriverEventListener - WebDriver error: Element not found By.selector: .header__profile
31759 [main] ERROR m.Driver.MyWebDriverEventListener - ________________________________________________________________________________________________________________
31766 [main] INFO  test.java.LogTest - >>>>>>>>>>@AfterMethod<<<<<<<<<
34932 [Thread-2] DEBUG main.Driver.WebDriverFactory - Killing driver 
289  [main] INFO  test.java.LogTest - >>>>>>>>>>>>>>>>>>>>>>>>>>>>>>>>>>>>>class test.java.RegisterTest<<<<<<<<<<<<<<<<<<<<<<<<<<<<<<<<<<<<<<<
348  [main] DEBUG main.Driver.WebDriverFactory - Requested driver: Capabilities [{firefox_profile=org.openqa.selenium.firefox.FirefoxProfile@1535dd74, browserName=firefox, proxy=org.openqa.selenium.Proxy@35df58d}]:null
2896 [main] INFO  m.Driver.MyWebDriverEventListener - WebDriver navigating to:'https://plush.com.ua/'
8497 [main] DEBUG m.Driver.MyWebDriverEventListener - Webdriver will click on element tag:li id:  ('Русский▼')
8793 [main] DEBUG m.Driver.MyWebDriverEventListener - Webdriver clicked on element tag:li id:  ('Русский')
8793 [main] INFO  test.java.LogTest - Get element by locator: By.xpath: //div[@class='select-lang open-lang sh']//a[text()='Русский']
8793 [main] INFO  test.java.LogTest - Locating remaining time: 90 seconds.
8864 [main] DEBUG m.Driver.MyWebDriverEventListener - Webdriver will click on element tag:a id:  ('Русский')
9134 [main] DEBUG m.Driver.MyWebDriverEventListener - Webdriver clicked on element tag:a id:  ('Русский')
9134 [main] INFO  test.java.LogTest - Finished finding after waiting for 341 milliseconds.
9162 [main] INFO  test.java.LogTest - _______________________Test = facebookValidLoginPopup()_______________________
9262 [main] DEBUG m.Driver.MyWebDriverEventListener - Webdriver will click on element tag:a id: js_header_signup ('Регистрация')
9530 [main] DEBUG m.Driver.MyWebDriverEventListener - Webdriver clicked on element tag:a id: js_header_signup ('Регистрация')
9628 [main] DEBUG m.Driver.MyWebDriverEventListener - Webdriver will click on element tag:a id:  ('Регистрация с Facebook')
10860 [main] DEBUG m.Driver.MyWebDriverEventListener - Webdriver clicked on element tag:a id:  ('Регистрация с Facebook')
12995 [main] DEBUG m.Driver.MyWebDriverEventListener - WebDriver changing value in element found By.id: email from 'tag:input id: email ('')' to 'tag:input id: email ('')'
13180 [main] DEBUG m.Driver.MyWebDriverEventListener - WebDriver changing value in element found By.id: email from 'tag:input id: email ('')' to 'tag:input id: email ('')'
13356 [main] DEBUG m.Driver.MyWebDriverEventListener - WebDriver changing value in element found By.id: pass from 'tag:input id: pass ('')' to 'tag:input id: pass ('')'
13551 [main] DEBUG m.Driver.MyWebDriverEventListener - WebDriver changing value in element found By.id: pass from 'tag:input id: pass ('')' to 'tag:input id: pass ('')'
16338 [main] DEBUG m.Driver.MyWebDriverEventListener - Webdriver will click on element tag:a id:  ('It')
16564 [main] DEBUG m.Driver.MyWebDriverEventListener - Webdriver clicked on element tag:a id:  ('It')
16627 [main] DEBUG m.Driver.MyWebDriverEventListener - Webdriver will click on element tag:a id:  ('Лидерство')
16842 [main] DEBUG m.Driver.MyWebDriverEventListener - Webdriver clicked on element tag:a id:  ('Лидерство')
16924 [main] DEBUG m.Driver.MyWebDriverEventListener - Webdriver will click on element tag:a id:  ('Промышленность')
17135 [main] DEBUG m.Driver.MyWebDriverEventListener - Webdriver clicked on element tag:a id:  ('Промышленность')
17221 [main] DEBUG m.Driver.MyWebDriverEventListener - Webdriver will click on element tag:input id: register_tags_button ('')
17432 [main] DEBUG m.Driver.MyWebDriverEventListener - Webdriver clicked on element tag:input id: register_tags_button ('')
30524 [main] INFO  test.java.LogTest - >>>>>>>>>>@AfterMethod<<<<<<<<<
33638 [Thread-2] DEBUG main.Driver.WebDriverFactory - Killing driver 
286  [main] INFO  test.java.LogTest - >>>>>>>>>>>>>>>>>>>>>>>>>>>>>>>>>>>>>class test.java.RegisterTest<<<<<<<<<<<<<<<<<<<<<<<<<<<<<<<<<<<<<<<
344  [main] DEBUG main.Driver.WebDriverFactory - Requested driver: Capabilities [{firefox_profile=org.openqa.selenium.firefox.FirefoxProfile@527031fc, browserName=firefox, proxy=org.openqa.selenium.Proxy@43e1c1ac}]:null
2928 [main] INFO  m.Driver.MyWebDriverEventListener - WebDriver navigating to:'https://plush.com.ua/'
10326 [main] DEBUG m.Driver.MyWebDriverEventListener - Webdriver will click on element tag:li id:  ('Русский▼')
10639 [main] DEBUG m.Driver.MyWebDriverEventListener - Webdriver clicked on element tag:li id:  ('Русский')
10639 [main] INFO  test.java.LogTest - Get element by locator: By.xpath: //div[@class='select-lang open-lang sh']//a[text()='Русский']
10639 [main] INFO  test.java.LogTest - Locating remaining time: 90 seconds.
10691 [main] DEBUG m.Driver.MyWebDriverEventListener - Webdriver will click on element tag:a id:  ('Русский')
10928 [main] DEBUG m.Driver.MyWebDriverEventListener - Webdriver clicked on element tag:a id:  ('Русский')
10928 [main] INFO  test.java.LogTest - Finished finding after waiting for 289 milliseconds.
10950 [main] INFO  test.java.LogTest - _______________________Test = facebookValidLoginPopup()_______________________
11031 [main] DEBUG m.Driver.MyWebDriverEventListener - Webdriver will click on element tag:a id: js_header_signup ('Регистрация')
11274 [main] DEBUG m.Driver.MyWebDriverEventListener - Webdriver clicked on element tag:a id: js_header_signup ('Регистрация')
11397 [main] DEBUG m.Driver.MyWebDriverEventListener - Webdriver will click on element tag:a id:  ('Регистрация с Facebook')
12813 [main] DEBUG m.Driver.MyWebDriverEventListener - Webdriver clicked on element tag:a id:  ('Регистрация с Facebook')
15055 [main] DEBUG m.Driver.MyWebDriverEventListener - WebDriver changing value in element found By.id: email from 'tag:input id: email ('')' to 'tag:input id: email ('')'
15242 [main] DEBUG m.Driver.MyWebDriverEventListener - WebDriver changing value in element found By.id: email from 'tag:input id: email ('')' to 'tag:input id: email ('')'
15389 [main] DEBUG m.Driver.MyWebDriverEventListener - WebDriver changing value in element found By.id: pass from 'tag:input id: pass ('')' to 'tag:input id: pass ('')'
15578 [main] DEBUG m.Driver.MyWebDriverEventListener - WebDriver changing value in element found By.id: pass from 'tag:input id: pass ('')' to 'tag:input id: pass ('')'
18727 [main] DEBUG m.Driver.MyWebDriverEventListener - Webdriver will click on element tag:a id:  ('It')
18904 [main] DEBUG m.Driver.MyWebDriverEventListener - Webdriver clicked on element tag:a id:  ('It')
18984 [main] DEBUG m.Driver.MyWebDriverEventListener - Webdriver will click on element tag:a id:  ('Лидерство')
19184 [main] DEBUG m.Driver.MyWebDriverEventListener - Webdriver clicked on element tag:a id:  ('Лидерство')
19269 [main] DEBUG m.Driver.MyWebDriverEventListener - Webdriver will click on element tag:a id:  ('Промышленность')
19502 [main] DEBUG m.Driver.MyWebDriverEventListener - Webdriver clicked on element tag:a id:  ('Промышленность')
19579 [main] DEBUG m.Driver.MyWebDriverEventListener - Webdriver will click on element tag:input id: register_tags_button ('')
19786 [main] DEBUG m.Driver.MyWebDriverEventListener - Webdriver clicked on element tag:input id: register_tags_button ('')
27201 [main] DEBUG m.Driver.MyWebDriverEventListener - Webdriver will click on element tag:a id:  ('Настройки')
27415 [main] DEBUG m.Driver.MyWebDriverEventListener - Webdriver clicked on element tag:a id:  ('Настройки')
27416 [main] INFO  test.java.LogTest - Get element by locator: By.xpath: //ul[@class='menu-major menu-major_main']/li[2]/a
27416 [main] INFO  test.java.LogTest - Locating remaining time: 90 seconds.
27506 [main] DEBUG m.Driver.MyWebDriverEventListener - Webdriver will click on element tag:a id:  ('Подписки
0')
27769 [main] DEBUG m.Driver.MyWebDriverEventListener - Webdriver clicked on element tag:a id:  ('Подписки
0')
27769 [main] INFO  test.java.LogTest - Finished finding after waiting for 353 milliseconds.
37830 [main] ERROR m.Driver.MyWebDriverEventListener - ________________________________________________________________________________________________________________
37830 [main] ERROR m.Driver.MyWebDriverEventListener - WebDriver error: Element not found By.id: main_config_email
37830 [main] ERROR m.Driver.MyWebDriverEventListener - ________________________________________________________________________________________________________________
37835 [main] INFO  test.java.LogTest - >>>>>>>>>>@AfterMethod<<<<<<<<<
40993 [Thread-2] DEBUG main.Driver.WebDriverFactory - Killing driver 
285  [main] INFO  test.java.LogTest - >>>>>>>>>>>>>>>>>>>>>>>>>>>>>>>>>>>>>class test.java.RegisterTest<<<<<<<<<<<<<<<<<<<<<<<<<<<<<<<<<<<<<<<
344  [main] DEBUG main.Driver.WebDriverFactory - Requested driver: Capabilities [{firefox_profile=org.openqa.selenium.firefox.FirefoxProfile@dc8647f, browserName=firefox, proxy=org.openqa.selenium.Proxy@5f3dd4ea}]:null
2996 [main] INFO  m.Driver.MyWebDriverEventListener - WebDriver navigating to:'https://plush.com.ua/'
8918 [main] DEBUG m.Driver.MyWebDriverEventListener - Webdriver will click on element tag:li id:  ('Русский▼')
13112 [main] DEBUG m.Driver.MyWebDriverEventListener - Webdriver clicked on element tag:li id:  ('Русский')
13113 [main] INFO  test.java.LogTest - Get element by locator: By.xpath: //div[@class='select-lang open-lang sh']//a[text()='Русский']
13113 [main] INFO  test.java.LogTest - Locating remaining time: 90 seconds.
13201 [main] DEBUG m.Driver.MyWebDriverEventListener - Webdriver will click on element tag:a id:  ('Русский')
13416 [main] DEBUG m.Driver.MyWebDriverEventListener - Webdriver clicked on element tag:a id:  ('Русский')
13416 [main] INFO  test.java.LogTest - Finished finding after waiting for 303 milliseconds.
13433 [main] INFO  test.java.LogTest - _______________________Test = facebookValidLoginPopup()_______________________
20056 [main] DEBUG m.Driver.MyWebDriverEventListener - Webdriver will click on element tag:a id: js_header_signup ('Регистрация')
22256 [main] DEBUG m.Driver.MyWebDriverEventListener - Webdriver clicked on element tag:a id: js_header_signup ('Регистрация')
22398 [main] DEBUG m.Driver.MyWebDriverEventListener - Webdriver will click on element tag:a id:  ('Регистрация с Facebook')
24707 [main] DEBUG m.Driver.MyWebDriverEventListener - Webdriver clicked on element tag:a id:  ('Регистрация с Facebook')
27140 [main] DEBUG m.Driver.MyWebDriverEventListener - WebDriver changing value in element found By.id: email from 'tag:input id: email ('')' to 'tag:input id: email ('')'
27709 [main] DEBUG m.Driver.MyWebDriverEventListener - WebDriver changing value in element found By.id: email from 'tag:input id: email ('')' to 'tag:input id: email ('')'
27952 [main] DEBUG m.Driver.MyWebDriverEventListener - WebDriver changing value in element found By.id: pass from 'tag:input id: pass ('')' to 'tag:input id: pass ('')'
28450 [main] DEBUG m.Driver.MyWebDriverEventListener - WebDriver changing value in element found By.id: pass from 'tag:input id: pass ('')' to 'tag:input id: pass ('')'
39725 [main] ERROR m.Driver.MyWebDriverEventListener - ________________________________________________________________________________________________________________
39725 [main] ERROR m.Driver.MyWebDriverEventListener - WebDriver error: Element not found By.xpath: //div[@class='theme-select__row'][1]/a[@class='theme-select__item'][1]
39725 [main] ERROR m.Driver.MyWebDriverEventListener - ________________________________________________________________________________________________________________
49852 [main] ERROR m.Driver.MyWebDriverEventListener - ________________________________________________________________________________________________________________
49853 [main] ERROR m.Driver.MyWebDriverEventListener - WebDriver error: Element not found By.selector: .header__profile
49853 [main] ERROR m.Driver.MyWebDriverEventListener - ________________________________________________________________________________________________________________
49861 [main] INFO  test.java.LogTest - >>>>>>>>>>@AfterMethod<<<<<<<<<
52835 [Thread-2] DEBUG main.Driver.WebDriverFactory - Killing driver 
52862 [main] ERROR m.Driver.MyWebDriverEventListener - ________________________________________________________________________________________________________________
52865 [main] ERROR m.Driver.MyWebDriverEventListener - WebDriver error:
org.openqa.selenium.remote.SessionNotFoundException: Session ID is null
Build info: version: '2.33.0', revision: '4e90c97', time: '2013-05-22 15:32:38'
System info: os.name: 'Linux', os.arch: 'amd64', os.version: '3.2.0-23-generic', java.version: '1.7.0_25'
Driver info: driver.version: EventFiringWebDriver
	at org.openqa.selenium.remote.HttpCommandExecutor.execute(HttpCommandExecutor.java:273) ~[selenium-server-standalone-2.33.0.jar:na]
	at org.openqa.selenium.firefox.internal.NewProfileExtensionConnection.execute(NewProfileExtensionConnection.java:133) ~[selenium-server-standalone-2.33.0.jar:na]
	at org.openqa.selenium.firefox.FirefoxDriver$LazyCommandExecutor.execute(FirefoxDriver.java:355) ~[selenium-server-standalone-2.33.0.jar:na]
	at org.openqa.selenium.remote.RemoteWebDriver.execute(RemoteWebDriver.java:527) ~[selenium-server-standalone-2.33.0.jar:na]
	at org.openqa.selenium.remote.RemoteWebDriver.executeScript(RemoteWebDriver.java:463) ~[selenium-server-standalone-2.33.0.jar:na]
	at sun.reflect.NativeMethodAccessorImpl.invoke0(Native Method) ~[na:1.7.0_25]
	at sun.reflect.NativeMethodAccessorImpl.invoke(NativeMethodAccessorImpl.java:57) ~[na:1.7.0_25]
	at sun.reflect.DelegatingMethodAccessorImpl.invoke(DelegatingMethodAccessorImpl.java:43) ~[na:1.7.0_25]
	at java.lang.reflect.Method.invoke(Method.java:606) ~[na:1.7.0_25]
	at org.openqa.selenium.support.events.EventFiringWebDriver$2.invoke(EventFiringWebDriver.java:101) ~[selenium-server-standalone-2.33.0.jar:na]
	at com.sun.proxy.$Proxy8.executeScript(Unknown Source) ~[na:na]
	at org.openqa.selenium.support.events.EventFiringWebDriver.executeScript(EventFiringWebDriver.java:209) ~[selenium-server-standalone-2.33.0.jar:na]
	at net.jsourcerer.webdriver.jserrorcollector.JavaScriptError.readErrors(JavaScriptError.java:135) ~[JSErrorCollector-0.5.jar:na]
	at main.pages.HomePage.jsErrorExist(HomePage.java:358) [classes/:na]
	at test.java.RegisterTest.unLogin(RegisterTest.java:54) [classes/:na]
	at sun.reflect.NativeMethodAccessorImpl.invoke0(Native Method) ~[na:1.7.0_25]
	at sun.reflect.NativeMethodAccessorImpl.invoke(NativeMethodAccessorImpl.java:57) ~[na:1.7.0_25]
	at sun.reflect.DelegatingMethodAccessorImpl.invoke(DelegatingMethodAccessorImpl.java:43) ~[na:1.7.0_25]
	at java.lang.reflect.Method.invoke(Method.java:606) ~[na:1.7.0_25]
	at org.testng.internal.MethodInvocationHelper.invokeMethod(MethodInvocationHelper.java:80) [testng.jar:6.9beta-201211201815]
	at org.testng.internal.Invoker.invokeConfigurationMethod(Invoker.java:564) [testng.jar:6.9beta-201211201815]
	at org.testng.internal.Invoker.invokeConfigurations(Invoker.java:213) [testng.jar:6.9beta-201211201815]
	at org.testng.internal.Invoker.invokeMethod(Invoker.java:786) [testng.jar:6.9beta-201211201815]
	at org.testng.internal.Invoker.invokeTestMethod(Invoker.java:901) [testng.jar:6.9beta-201211201815]
	at org.testng.internal.Invoker.invokeTestMethods(Invoker.java:1231) [testng.jar:6.9beta-201211201815]
	at org.testng.internal.TestMethodWorker.invokeTestMethods(TestMethodWorker.java:128) [testng.jar:6.9beta-201211201815]
	at org.testng.internal.TestMethodWorker.run(TestMethodWorker.java:111) [testng.jar:6.9beta-201211201815]
	at org.testng.TestRunner.privateRun(TestRunner.java:767) [testng.jar:6.9beta-201211201815]
	at org.testng.TestRunner.run(TestRunner.java:617) [testng.jar:6.9beta-201211201815]
	at org.testng.SuiteRunner.runTest(SuiteRunner.java:334) [testng.jar:6.9beta-201211201815]
	at org.testng.SuiteRunner.runSequentially(SuiteRunner.java:329) [testng.jar:6.9beta-201211201815]
	at org.testng.SuiteRunner.privateRun(SuiteRunner.java:291) [testng.jar:6.9beta-201211201815]
	at org.testng.SuiteRunner.run(SuiteRunner.java:240) [testng.jar:6.9beta-201211201815]
	at org.testng.SuiteRunnerWorker.runSuite(SuiteRunnerWorker.java:52) [testng.jar:6.9beta-201211201815]
	at org.testng.SuiteRunnerWorker.run(SuiteRunnerWorker.java:86) [testng.jar:6.9beta-201211201815]
	at org.testng.TestNG.runSuitesSequentially(TestNG.java:1203) [testng.jar:6.9beta-201211201815]
	at org.testng.TestNG.runSuitesLocally(TestNG.java:1128) [testng.jar:6.9beta-201211201815]
	at org.testng.TestNG.run(TestNG.java:1036) [testng.jar:6.9beta-201211201815]
	at org.testng.remote.RemoteTestNG.run(RemoteTestNG.java:111) [testng.jar:6.9beta-201211201815]
	at org.testng.remote.RemoteTestNG.initAndRun(RemoteTestNG.java:204) [testng.jar:6.9beta-201211201815]
	at org.testng.remote.RemoteTestNG.main(RemoteTestNG.java:175) [testng.jar:6.9beta-201211201815]
52866 [main] ERROR m.Driver.MyWebDriverEventListener - ________________________________________________________________________________________________________________
288  [main] INFO  test.java.LogTest - >>>>>>>>>>>>>>>>>>>>>>>>>>>>>>>>>>>>>class test.java.RegisterTest<<<<<<<<<<<<<<<<<<<<<<<<<<<<<<<<<<<<<<<
348  [main] DEBUG main.Driver.WebDriverFactory - Requested driver: Capabilities [{firefox_profile=org.openqa.selenium.firefox.FirefoxProfile@54657f7f, browserName=firefox, proxy=org.openqa.selenium.Proxy@53959622}]:null
2907 [main] INFO  m.Driver.MyWebDriverEventListener - WebDriver navigating to:'https://plush.com.ua/'
9280 [main] DEBUG m.Driver.MyWebDriverEventListener - Webdriver will click on element tag:li id:  ('Русский▼')
13795 [main] DEBUG m.Driver.MyWebDriverEventListener - Webdriver clicked on element tag:li id:  ('Русский')
13795 [main] INFO  test.java.LogTest - Get element by locator: By.xpath: //div[@class='select-lang open-lang sh']//a[text()='Русский']
13795 [main] INFO  test.java.LogTest - Locating remaining time: 90 seconds.
13847 [main] DEBUG m.Driver.MyWebDriverEventListener - Webdriver will click on element tag:a id:  ('Русский')
14093 [main] DEBUG m.Driver.MyWebDriverEventListener - Webdriver clicked on element tag:a id:  ('Русский')
14093 [main] INFO  test.java.LogTest - Finished finding after waiting for 298 milliseconds.
14111 [main] INFO  test.java.LogTest - _______________________Test = facebookValidLoginPopup()_______________________
14194 [main] DEBUG m.Driver.MyWebDriverEventListener - Webdriver will click on element tag:a id: js_header_signup ('Регистрация')
16460 [main] DEBUG m.Driver.MyWebDriverEventListener - Webdriver clicked on element tag:a id: js_header_signup ('Регистрация')
16647 [main] DEBUG m.Driver.MyWebDriverEventListener - Webdriver will click on element tag:a id:  ('Регистрация с Facebook')
18963 [main] DEBUG m.Driver.MyWebDriverEventListener - Webdriver clicked on element tag:a id:  ('Регистрация с Facebook')
21734 [main] DEBUG m.Driver.MyWebDriverEventListener - WebDriver changing value in element found By.id: email from 'tag:input id: email ('')' to 'tag:input id: email ('')'
22402 [main] DEBUG m.Driver.MyWebDriverEventListener - WebDriver changing value in element found By.id: email from 'tag:input id: email ('')' to 'tag:input id: email ('')'
22551 [main] DEBUG m.Driver.MyWebDriverEventListener - WebDriver changing value in element found By.id: pass from 'tag:input id: pass ('')' to 'tag:input id: pass ('')'
23062 [main] DEBUG m.Driver.MyWebDriverEventListener - WebDriver changing value in element found By.id: pass from 'tag:input id: pass ('')' to 'tag:input id: pass ('')'
33930 [main] ERROR m.Driver.MyWebDriverEventListener - ________________________________________________________________________________________________________________
33930 [main] ERROR m.Driver.MyWebDriverEventListener - WebDriver error: Element not found By.xpath: //div[@class='theme-select__row'][1]/a[@class='theme-select__item'][1]
33930 [main] ERROR m.Driver.MyWebDriverEventListener - ________________________________________________________________________________________________________________
43982 [main] ERROR m.Driver.MyWebDriverEventListener - ________________________________________________________________________________________________________________
43982 [main] ERROR m.Driver.MyWebDriverEventListener - WebDriver error: Element not found By.selector: .header__profile
43982 [main] ERROR m.Driver.MyWebDriverEventListener - ________________________________________________________________________________________________________________
43993 [main] INFO  test.java.LogTest - >>>>>>>>>>@AfterMethod<<<<<<<<<
47100 [Thread-2] DEBUG main.Driver.WebDriverFactory - Killing driver 
287  [main] INFO  test.java.LogTest - >>>>>>>>>>>>>>>>>>>>>>>>>>>>>>>>>>>>>class test.java.RegisterTest<<<<<<<<<<<<<<<<<<<<<<<<<<<<<<<<<<<<<<<
347  [main] DEBUG main.Driver.WebDriverFactory - Requested driver: Capabilities [{firefox_profile=org.openqa.selenium.firefox.FirefoxProfile@3f40a15a, browserName=firefox, proxy=org.openqa.selenium.Proxy@2c213c27}]:null
2830 [main] INFO  m.Driver.MyWebDriverEventListener - WebDriver navigating to:'https://plush.com.ua/'
10424 [main] DEBUG m.Driver.MyWebDriverEventListener - Webdriver will click on element tag:li id:  ('Русский▼')
15019 [main] DEBUG m.Driver.MyWebDriverEventListener - Webdriver clicked on element tag:li id:  ('Русский')
15019 [main] INFO  test.java.LogTest - Get element by locator: By.xpath: //div[@class='select-lang open-lang sh']//a[text()='Русский']
15019 [main] INFO  test.java.LogTest - Locating remaining time: 90 seconds.
15066 [main] DEBUG m.Driver.MyWebDriverEventListener - Webdriver will click on element tag:a id:  ('Русский')
15304 [main] DEBUG m.Driver.MyWebDriverEventListener - Webdriver clicked on element tag:a id:  ('Русский')
15304 [main] INFO  test.java.LogTest - Finished finding after waiting for 285 milliseconds.
15332 [main] INFO  test.java.LogTest - _______________________Test = facebookValidLoginPopup()_______________________
15414 [main] DEBUG m.Driver.MyWebDriverEventListener - Webdriver will click on element tag:a id: js_header_signup ('Регистрация')
17672 [main] DEBUG m.Driver.MyWebDriverEventListener - Webdriver clicked on element tag:a id: js_header_signup ('Регистрация')
17849 [main] DEBUG m.Driver.MyWebDriverEventListener - Webdriver will click on element tag:a id:  ('Регистрация с Facebook')
20143 [main] DEBUG m.Driver.MyWebDriverEventListener - Webdriver clicked on element tag:a id:  ('Регистрация с Facebook')
22126 [main] DEBUG m.Driver.MyWebDriverEventListener - WebDriver changing value in element found By.id: email from 'tag:input id: email ('')' to 'tag:input id: email ('')'
22769 [main] DEBUG m.Driver.MyWebDriverEventListener - WebDriver changing value in element found By.id: email from 'tag:input id: email ('')' to 'tag:input id: email ('')'
22938 [main] DEBUG m.Driver.MyWebDriverEventListener - WebDriver changing value in element found By.id: pass from 'tag:input id: pass ('')' to 'tag:input id: pass ('')'
23477 [main] DEBUG m.Driver.MyWebDriverEventListener - WebDriver changing value in element found By.id: pass from 'tag:input id: pass ('')' to 'tag:input id: pass ('')'
34336 [main] ERROR m.Driver.MyWebDriverEventListener - ________________________________________________________________________________________________________________
34336 [main] ERROR m.Driver.MyWebDriverEventListener - WebDriver error: Element not found By.xpath: //div[@class='theme-select__row'][1]/a[@class='theme-select__item'][1]
34336 [main] ERROR m.Driver.MyWebDriverEventListener - ________________________________________________________________________________________________________________
44438 [main] ERROR m.Driver.MyWebDriverEventListener - ________________________________________________________________________________________________________________
44438 [main] ERROR m.Driver.MyWebDriverEventListener - WebDriver error: Element not found By.selector: .header__profile
44438 [main] ERROR m.Driver.MyWebDriverEventListener - ________________________________________________________________________________________________________________
44448 [main] INFO  test.java.LogTest - >>>>>>>>>>@AfterMethod<<<<<<<<<
47573 [Thread-2] DEBUG main.Driver.WebDriverFactory - Killing driver 
286  [main] INFO  test.java.LogTest - >>>>>>>>>>>>>>>>>>>>>>>>>>>>>>>>>>>>>class test.java.RegisterTest<<<<<<<<<<<<<<<<<<<<<<<<<<<<<<<<<<<<<<<
346  [main] DEBUG main.Driver.WebDriverFactory - Requested driver: Capabilities [{firefox_profile=org.openqa.selenium.firefox.FirefoxProfile@1b3bd0d, browserName=firefox, proxy=org.openqa.selenium.Proxy@3f40a15a}]:null
2878 [main] INFO  m.Driver.MyWebDriverEventListener - WebDriver navigating to:'https://plush.com.ua/'
9895 [main] DEBUG m.Driver.MyWebDriverEventListener - Webdriver will click on element tag:li id:  ('Русский▼')
14258 [main] DEBUG m.Driver.MyWebDriverEventListener - Webdriver clicked on element tag:li id:  ('Русский')
14258 [main] INFO  test.java.LogTest - Get element by locator: By.xpath: //div[@class='select-lang open-lang sh']//a[text()='Русский']
14258 [main] INFO  test.java.LogTest - Locating remaining time: 90 seconds.
14313 [main] DEBUG m.Driver.MyWebDriverEventListener - Webdriver will click on element tag:a id:  ('Русский')
14555 [main] DEBUG m.Driver.MyWebDriverEventListener - Webdriver clicked on element tag:a id:  ('Русский')
14555 [main] INFO  test.java.LogTest - Finished finding after waiting for 297 milliseconds.
14576 [main] INFO  test.java.LogTest - _______________________Test = facebookValidLoginPopup()_______________________
14663 [main] DEBUG m.Driver.MyWebDriverEventListener - Webdriver will click on element tag:a id: js_header_signup ('Регистрация')
16953 [main] DEBUG m.Driver.MyWebDriverEventListener - Webdriver clicked on element tag:a id: js_header_signup ('Регистрация')
17165 [main] DEBUG m.Driver.MyWebDriverEventListener - Webdriver will click on element tag:a id:  ('Регистрация с Facebook')
19461 [main] DEBUG m.Driver.MyWebDriverEventListener - Webdriver clicked on element tag:a id:  ('Регистрация с Facebook')
22315 [main] DEBUG m.Driver.MyWebDriverEventListener - WebDriver changing value in element found By.id: email from 'tag:input id: email ('')' to 'tag:input id: email ('')'
22536 [main] DEBUG m.Driver.MyWebDriverEventListener - WebDriver changing value in element found By.id: pass from 'tag:input id: pass ('')' to 'tag:input id: pass ('')'
23054 [main] DEBUG m.Driver.MyWebDriverEventListener - WebDriver changing value in element found By.id: pass from 'tag:input id: pass ('')' to 'tag:input id: pass ('')'
34223 [main] ERROR m.Driver.MyWebDriverEventListener - ________________________________________________________________________________________________________________
34223 [main] ERROR m.Driver.MyWebDriverEventListener - WebDriver error: Element not found By.xpath: //div[@class='theme-select__row'][1]/a[@class='theme-select__item'][1]
34223 [main] ERROR m.Driver.MyWebDriverEventListener - ________________________________________________________________________________________________________________
44282 [main] ERROR m.Driver.MyWebDriverEventListener - ________________________________________________________________________________________________________________
44282 [main] ERROR m.Driver.MyWebDriverEventListener - WebDriver error: Element not found By.selector: .header__profile
44282 [main] ERROR m.Driver.MyWebDriverEventListener - ________________________________________________________________________________________________________________
44288 [main] INFO  test.java.LogTest - >>>>>>>>>>@AfterMethod<<<<<<<<<
47426 [Thread-2] DEBUG main.Driver.WebDriverFactory - Killing driver 
288  [main] INFO  test.java.LogTest - >>>>>>>>>>>>>>>>>>>>>>>>>>>>>>>>>>>>>class test.java.RegisterTest<<<<<<<<<<<<<<<<<<<<<<<<<<<<<<<<<<<<<<<
348  [main] DEBUG main.Driver.WebDriverFactory - Requested driver: Capabilities [{firefox_profile=org.openqa.selenium.firefox.FirefoxProfile@dc8647f, browserName=firefox, proxy=org.openqa.selenium.Proxy@5f3dd4ea}]:null
2833 [main] INFO  m.Driver.MyWebDriverEventListener - WebDriver navigating to:'https://plush.com.ua/'
10573 [main] DEBUG m.Driver.MyWebDriverEventListener - Webdriver will click on element tag:li id:  ('Русский▼')
14812 [main] DEBUG m.Driver.MyWebDriverEventListener - Webdriver clicked on element tag:li id:  ('Русский')
14812 [main] INFO  test.java.LogTest - Get element by locator: By.xpath: //div[@class='select-lang open-lang sh']//a[text()='Русский']
14812 [main] INFO  test.java.LogTest - Locating remaining time: 90 seconds.
14988 [main] DEBUG m.Driver.MyWebDriverEventListener - Webdriver will click on element tag:a id:  ('Русский')
15225 [main] DEBUG m.Driver.MyWebDriverEventListener - Webdriver clicked on element tag:a id:  ('Русский')
15225 [main] INFO  test.java.LogTest - Finished finding after waiting for 413 milliseconds.
15250 [main] INFO  test.java.LogTest - _______________________Test = facebookValidLoginPopup()_______________________
15336 [main] DEBUG m.Driver.MyWebDriverEventListener - Webdriver will click on element tag:a id: js_header_signup ('Регистрация')
17075 [main] DEBUG m.Driver.MyWebDriverEventListener - Webdriver clicked on element tag:a id: js_header_signup ('Регистрация')
17216 [main] DEBUG m.Driver.MyWebDriverEventListener - Webdriver will click on element tag:a id:  ('Регистрация с Facebook')
19452 [main] DEBUG m.Driver.MyWebDriverEventListener - Webdriver clicked on element tag:a id:  ('Регистрация с Facebook')
23065 [main] DEBUG m.Driver.MyWebDriverEventListener - WebDriver changing value in element found By.id: email from 'tag:input id: email ('')' to 'tag:input id: email ('')'
23240 [main] DEBUG m.Driver.MyWebDriverEventListener - WebDriver changing value in element found By.id: pass from 'tag:input id: pass ('')' to 'tag:input id: pass ('')'
23780 [main] DEBUG m.Driver.MyWebDriverEventListener - WebDriver changing value in element found By.id: pass from 'tag:input id: pass ('')' to 'tag:input id: pass ('')'
35084 [main] ERROR m.Driver.MyWebDriverEventListener - ________________________________________________________________________________________________________________
35084 [main] ERROR m.Driver.MyWebDriverEventListener - WebDriver error: Element not found By.xpath: //div[@class='theme-select__row'][1]/a[@class='theme-select__item'][1]
35084 [main] ERROR m.Driver.MyWebDriverEventListener - ________________________________________________________________________________________________________________
45189 [main] ERROR m.Driver.MyWebDriverEventListener - ________________________________________________________________________________________________________________
45189 [main] ERROR m.Driver.MyWebDriverEventListener - WebDriver error: Element not found By.selector: .header__profile
45189 [main] ERROR m.Driver.MyWebDriverEventListener - ________________________________________________________________________________________________________________
45196 [main] INFO  test.java.LogTest - >>>>>>>>>>@AfterMethod<<<<<<<<<
48308 [Thread-2] DEBUG main.Driver.WebDriverFactory - Killing driver 
284  [main] INFO  test.java.LogTest - >>>>>>>>>>>>>>>>>>>>>>>>>>>>>>>>>>>>>class test.java.RegisterTest<<<<<<<<<<<<<<<<<<<<<<<<<<<<<<<<<<<<<<<
342  [main] DEBUG main.Driver.WebDriverFactory - Requested driver: Capabilities [{firefox_profile=org.openqa.selenium.firefox.FirefoxProfile@54657f7f, browserName=firefox, proxy=org.openqa.selenium.Proxy@53959622}]:null
2765 [main] INFO  m.Driver.MyWebDriverEventListener - WebDriver navigating to:'https://plush.com.ua/'
10054 [main] DEBUG m.Driver.MyWebDriverEventListener - Webdriver will click on element tag:li id:  ('Русский▼')
14284 [main] DEBUG m.Driver.MyWebDriverEventListener - Webdriver clicked on element tag:li id:  ('Русский')
14285 [main] INFO  test.java.LogTest - Get element by locator: By.xpath: //div[@class='select-lang open-lang sh']//a[text()='Русский']
14285 [main] INFO  test.java.LogTest - Locating remaining time: 90 seconds.
14368 [main] DEBUG m.Driver.MyWebDriverEventListener - Webdriver will click on element tag:a id:  ('Русский')
15490 [main] DEBUG m.Driver.MyWebDriverEventListener - Webdriver clicked on element tag:a id:  ('Русский')
15490 [main] INFO  test.java.LogTest - Finished finding after waiting for 1205 milliseconds.
15510 [main] INFO  test.java.LogTest - _______________________Test = facebookValidLoginPopup()_______________________
15585 [main] DEBUG m.Driver.MyWebDriverEventListener - Webdriver will click on element tag:a id: js_header_signup ('Регистрация')
17928 [main] DEBUG m.Driver.MyWebDriverEventListener - Webdriver clicked on element tag:a id: js_header_signup ('Регистрация')
18102 [main] DEBUG m.Driver.MyWebDriverEventListener - Webdriver will click on element tag:a id:  ('Регистрация с Facebook')
20337 [main] DEBUG m.Driver.MyWebDriverEventListener - Webdriver clicked on element tag:a id:  ('Регистрация с Facebook')
23129 [main] DEBUG m.Driver.MyWebDriverEventListener - WebDriver changing value in element found By.id: email from 'tag:input id: email ('')' to 'tag:input id: email ('')'
23798 [main] DEBUG m.Driver.MyWebDriverEventListener - WebDriver changing value in element found By.id: email from 'tag:input id: email ('')' to 'tag:input id: email ('')'
23965 [main] DEBUG m.Driver.MyWebDriverEventListener - WebDriver changing value in element found By.id: pass from 'tag:input id: pass ('')' to 'tag:input id: pass ('')'
24506 [main] DEBUG m.Driver.MyWebDriverEventListener - WebDriver changing value in element found By.id: pass from 'tag:input id: pass ('')' to 'tag:input id: pass ('')'
35383 [main] ERROR m.Driver.MyWebDriverEventListener - ________________________________________________________________________________________________________________
35383 [main] ERROR m.Driver.MyWebDriverEventListener - WebDriver error: Element not found By.xpath: //div[@class='theme-select__row'][1]/a[@class='theme-select__item'][1]
35383 [main] ERROR m.Driver.MyWebDriverEventListener - ________________________________________________________________________________________________________________
45501 [main] ERROR m.Driver.MyWebDriverEventListener - ________________________________________________________________________________________________________________
45501 [main] ERROR m.Driver.MyWebDriverEventListener - WebDriver error: Element not found By.selector: .header__profile
45501 [main] ERROR m.Driver.MyWebDriverEventListener - ________________________________________________________________________________________________________________
45509 [main] INFO  test.java.LogTest - >>>>>>>>>>@AfterMethod<<<<<<<<<
48632 [Thread-2] DEBUG main.Driver.WebDriverFactory - Killing driver 
