412  [main] INFO  test.java.LogTest - ______________________________________class test.java.TimeZone______________________________________
732  [main] DEBUG main.Driver.WebDriverFactory - Requested driver: Capabilities [{browserName=firefox}]:null. Driver uses count = 1
7449 [main] INFO  test.java.LogTest - _______________________Test = freeHangoutCreation()_______________________
68948 [Thread-0] DEBUG main.Driver.WebDriverFactory - Killing driver 
71026 [Thread-0] ERROR m.Driver.MyWebDriverEventListener - ________________________________________________________________________________________________________________
71032 [Thread-0] ERROR m.Driver.MyWebDriverEventListener - WebDriver error:
org.openqa.selenium.remote.UnreachableBrowserException: Error communicating with the remote browser. It may have died.
Build info: version: '2.42.2', revision: '6a6995d', time: '2014-06-03 17:42:03'
System info: host: 'alexandra-System-Product-Name', ip: '127.0.1.1', os.name: 'Linux', os.arch: 'amd64', os.version: '3.2.0-23-generic', java.version: '1.7.0_60'
Driver info: driver.version: EventFiringWebDriver
	at org.openqa.selenium.remote.RemoteWebDriver.execute(RemoteWebDriver.java:593) ~[selenium-server-standalone-2.42.2.jar:na]
	at org.openqa.selenium.remote.RemoteWebDriver.execute(RemoteWebDriver.java:614) ~[selenium-server-standalone-2.42.2.jar:na]
	at org.openqa.selenium.remote.RemoteWebDriver.quit(RemoteWebDriver.java:468) ~[selenium-server-standalone-2.42.2.jar:na]
	at sun.reflect.NativeMethodAccessorImpl.invoke0(Native Method) ~[na:1.7.0_60]
	at sun.reflect.NativeMethodAccessorImpl.invoke(NativeMethodAccessorImpl.java:57) ~[na:1.7.0_60]
	at sun.reflect.DelegatingMethodAccessorImpl.invoke(DelegatingMethodAccessorImpl.java:43) ~[na:1.7.0_60]
	at java.lang.reflect.Method.invoke(Method.java:606) ~[na:1.7.0_60]
	at org.openqa.selenium.support.events.EventFiringWebDriver$2.invoke(EventFiringWebDriver.java:101) ~[selenium-server-standalone-2.42.2.jar:na]
	at com.sun.proxy.$Proxy9.quit(Unknown Source) ~[na:na]
	at org.openqa.selenium.support.events.EventFiringWebDriver.quit(EventFiringWebDriver.java:198) ~[selenium-server-standalone-2.42.2.jar:na]
	at main.Driver.WebDriverFactory.dismissDriver(WebDriverFactory.java:98) ~[classes/:na]
	at main.Driver.WebDriverFactory$1.run(WebDriverFactory.java:164) ~[classes/:na]
Caused by: org.apache.http.NoHttpResponseException: The target server failed to respond
	at org.apache.http.impl.conn.DefaultHttpResponseParser.parseHead(DefaultHttpResponseParser.java:143) ~[selenium-server-standalone-2.42.2.jar:na]
	at org.apache.http.impl.conn.DefaultHttpResponseParser.parseHead(DefaultHttpResponseParser.java:57) ~[selenium-server-standalone-2.42.2.jar:na]
	at org.apache.http.impl.io.AbstractMessageParser.parse(AbstractMessageParser.java:260) ~[selenium-server-standalone-2.42.2.jar:na]
	at org.apache.http.impl.DefaultBHttpClientConnection.receiveResponseHeader(DefaultBHttpClientConnection.java:161) ~[selenium-server-standalone-2.42.2.jar:na]
	at sun.reflect.NativeMethodAccessorImpl.invoke0(Native Method) ~[na:1.7.0_60]
	at sun.reflect.NativeMethodAccessorImpl.invoke(NativeMethodAccessorImpl.java:57) ~[na:1.7.0_60]
	at sun.reflect.DelegatingMethodAccessorImpl.invoke(DelegatingMethodAccessorImpl.java:43) ~[na:1.7.0_60]
	at java.lang.reflect.Method.invoke(Method.java:606) ~[na:1.7.0_60]
	at org.apache.http.impl.conn.CPoolProxy.invoke(CPoolProxy.java:138) ~[selenium-server-standalone-2.42.2.jar:na]
	at com.sun.proxy.$Proxy6.receiveResponseHeader(Unknown Source) ~[na:na]
	at org.apache.http.protocol.HttpRequestExecutor.doReceiveResponse(HttpRequestExecutor.java:271) ~[selenium-server-standalone-2.42.2.jar:na]
	at org.apache.http.protocol.HttpRequestExecutor.execute(HttpRequestExecutor.java:123) ~[selenium-server-standalone-2.42.2.jar:na]
	at org.apache.http.impl.execchain.MainClientExec.execute(MainClientExec.java:254) ~[selenium-server-standalone-2.42.2.jar:na]
	at org.apache.http.impl.execchain.ProtocolExec.execute(ProtocolExec.java:195) ~[selenium-server-standalone-2.42.2.jar:na]
	at org.apache.http.impl.execchain.RetryExec.execute(RetryExec.java:85) ~[selenium-server-standalone-2.42.2.jar:na]
	at org.apache.http.impl.execchain.RedirectExec.execute(RedirectExec.java:108) ~[selenium-server-standalone-2.42.2.jar:na]
	at org.apache.http.impl.client.InternalHttpClient.doExecute(InternalHttpClient.java:186) ~[selenium-server-standalone-2.42.2.jar:na]
	at org.apache.http.impl.client.CloseableHttpClient.execute(CloseableHttpClient.java:72) ~[selenium-server-standalone-2.42.2.jar:na]
	at org.apache.http.impl.client.CloseableHttpClient.execute(CloseableHttpClient.java:57) ~[selenium-server-standalone-2.42.2.jar:na]
	at org.openqa.selenium.remote.HttpCommandExecutor.fallBackExecute(HttpCommandExecutor.java:222) ~[selenium-server-standalone-2.42.2.jar:na]
	at org.openqa.selenium.remote.HttpCommandExecutor.execute(HttpCommandExecutor.java:173) ~[selenium-server-standalone-2.42.2.jar:na]
	at org.openqa.selenium.firefox.internal.NewProfileExtensionConnection.execute(NewProfileExtensionConnection.java:165) ~[selenium-server-standalone-2.42.2.jar:na]
	at org.openqa.selenium.firefox.FirefoxDriver$LazyCommandExecutor.execute(FirefoxDriver.java:362) ~[selenium-server-standalone-2.42.2.jar:na]
	at org.openqa.selenium.remote.RemoteWebDriver.execute(RemoteWebDriver.java:572) ~[selenium-server-standalone-2.42.2.jar:na]
	... 11 common frames omitted
71032 [Thread-0] ERROR m.Driver.MyWebDriverEventListener - ________________________________________________________________________________________________________________
71033 [Thread-0] WARN  main.Driver.WebDriverFactory - Driver killing error
org.openqa.selenium.remote.SessionNotFoundException: The FirefoxDriver cannot be used after quit() was called.
Build info: version: '2.42.2', revision: '6a6995d', time: '2014-06-03 17:42:03'
System info: host: 'alexandra-System-Product-Name', ip: '127.0.1.1', os.name: 'Linux', os.arch: 'amd64', os.version: '3.2.0-23-generic', java.version: '1.7.0_60'
Driver info: driver.version: EventFiringWebDriver
	at org.openqa.selenium.firefox.FirefoxDriver$LazyCommandExecutor.execute(FirefoxDriver.java:359) ~[selenium-server-standalone-2.42.2.jar:na]
	at org.openqa.selenium.remote.RemoteWebDriver.execute(RemoteWebDriver.java:572) ~[selenium-server-standalone-2.42.2.jar:na]
	at org.openqa.selenium.remote.RemoteWebDriver.executeScript(RemoteWebDriver.java:508) ~[selenium-server-standalone-2.42.2.jar:na]
	at main.Driver.MyWebDriverEventListener.onException(MyWebDriverEventListener.java:65) ~[classes/:na]
	at sun.reflect.NativeMethodAccessorImpl.invoke0(Native Method) ~[na:1.7.0_60]
	at sun.reflect.NativeMethodAccessorImpl.invoke(NativeMethodAccessorImpl.java:57) ~[na:1.7.0_60]
	at sun.reflect.DelegatingMethodAccessorImpl.invoke(DelegatingMethodAccessorImpl.java:43) ~[na:1.7.0_60]
	at java.lang.reflect.Method.invoke(Method.java:606) ~[na:1.7.0_60]
	at org.openqa.selenium.support.events.EventFiringWebDriver$1.invoke(EventFiringWebDriver.java:78) ~[selenium-server-standalone-2.42.2.jar:na]
	at com.sun.proxy.$Proxy8.onException(Unknown Source) ~[na:na]
	at org.openqa.selenium.support.events.EventFiringWebDriver$2.invoke(EventFiringWebDriver.java:103) ~[selenium-server-standalone-2.42.2.jar:na]
	at com.sun.proxy.$Proxy9.quit(Unknown Source) ~[na:na]
	at org.openqa.selenium.support.events.EventFiringWebDriver.quit(EventFiringWebDriver.java:198) ~[selenium-server-standalone-2.42.2.jar:na]
	at main.Driver.WebDriverFactory.dismissDriver(WebDriverFactory.java:98) ~[classes/:na]
	at main.Driver.WebDriverFactory$1.run(WebDriverFactory.java:164) [classes/:na]
279  [main] INFO  test.java.LogTest - ______________________________________class test.java.TimeZone______________________________________
289  [main] DEBUG main.Driver.WebDriverFactory - Requested driver: Capabilities [{browserName=firefox}]:null. Driver uses count = 1
3398 [main] INFO  test.java.LogTest - _______________________Test = freeHangoutCreation()_______________________
3401 [main] INFO  m.Driver.MyWebDriverEventListener - WebDriver navigating to:'https://testun.com.ua/sys/sys/test_cookie_key'
8371134 [Thread-0] DEBUG main.Driver.WebDriverFactory - Killing driver 
