366  [main] INFO  test.java.LogTest - >>>>>>>>>>>>>>>>>>>>>>>>>>>>>>>>>>>>>class test.java.MoneyTest<<<<<<<<<<<<<<<<<<<<<<<<<<<<<<<<<<<<<<<
393  [main] DEBUG main.Driver.WebDriverFactory - Requested driver: Capabilities [{platform=ANY, browserName=firefox, version=}]:null
4452 [main] INFO  m.Driver.MyWebDriverEventListener - WebDriver navigating to:'https://plush.com.ua/'
7167 [main] DEBUG m.Driver.MyWebDriverEventListener - Webdriver will click on element tag:li id:  ('English▼')
7287 [main] DEBUG m.Driver.MyWebDriverEventListener - Webdriver clicked on element tag:li id:  ('English')
7318 [main] ERROR m.Driver.MyWebDriverEventListener - WebDriver error: Element not found By.id: 
7927 [main] ERROR m.Driver.MyWebDriverEventListener - WebDriver error: Element not found By.id: 
8434 [main] ERROR m.Driver.MyWebDriverEventListener - WebDriver error: Element not found By.id: 
8946 [main] ERROR m.Driver.MyWebDriverEventListener - WebDriver error: Element not found By.id: 
9458 [main] ERROR m.Driver.MyWebDriverEventListener - WebDriver error: Element not found By.id: 
9969 [main] ERROR m.Driver.MyWebDriverEventListener - WebDriver error: Element not found By.id: 
10479 [main] ERROR m.Driver.MyWebDriverEventListener - WebDriver error: Element not found By.id: 
10988 [main] ERROR m.Driver.MyWebDriverEventListener - WebDriver error: Element not found By.id: 
11498 [main] ERROR m.Driver.MyWebDriverEventListener - WebDriver error: Element not found By.id: 
12007 [main] ERROR m.Driver.MyWebDriverEventListener - WebDriver error: Element not found By.id: 
12517 [main] ERROR m.Driver.MyWebDriverEventListener - WebDriver error: Element not found By.id: 
13027 [main] ERROR m.Driver.MyWebDriverEventListener - WebDriver error: Element not found By.id: 
14051 [main] ERROR m.Driver.MyWebDriverEventListener - WebDriver error: Element not found By.id: 
14600 [main] ERROR m.Driver.MyWebDriverEventListener - WebDriver error: Element not found By.id: 
15114 [main] ERROR m.Driver.MyWebDriverEventListener - WebDriver error: Element not found By.id: 
15624 [main] ERROR m.Driver.MyWebDriverEventListener - WebDriver error: Element not found By.id: 
16133 [main] ERROR m.Driver.MyWebDriverEventListener - WebDriver error: Element not found By.id: 
16643 [main] ERROR m.Driver.MyWebDriverEventListener - WebDriver error: Element not found By.id: 
17149 [main] ERROR m.Driver.MyWebDriverEventListener - WebDriver error: Element not found By.id: 
17658 [main] ERROR m.Driver.MyWebDriverEventListener - WebDriver error: Element not found By.id: 
18168 [main] ERROR m.Driver.MyWebDriverEventListener - WebDriver error: Element not found By.id: 
18677 [main] ERROR m.Driver.MyWebDriverEventListener - WebDriver error: Element not found By.id: 
19186 [main] ERROR m.Driver.MyWebDriverEventListener - WebDriver error: Element not found By.id: 
19695 [main] ERROR m.Driver.MyWebDriverEventListener - WebDriver error: Element not found By.id: 
20204 [main] ERROR m.Driver.MyWebDriverEventListener - WebDriver error: Element not found By.id: 
20713 [main] ERROR m.Driver.MyWebDriverEventListener - WebDriver error: Element not found By.id: 
21233 [main] ERROR m.Driver.MyWebDriverEventListener - WebDriver error: Element not found By.id: 
21745 [main] ERROR m.Driver.MyWebDriverEventListener - WebDriver error: Element not found By.id: 
22255 [main] ERROR m.Driver.MyWebDriverEventListener - WebDriver error: Element not found By.id: 
22765 [main] ERROR m.Driver.MyWebDriverEventListener - WebDriver error: Element not found By.id: 
23274 [main] ERROR m.Driver.MyWebDriverEventListener - WebDriver error: Element not found By.id: 
23783 [main] ERROR m.Driver.MyWebDriverEventListener - WebDriver error: Element not found By.id: 
24292 [main] ERROR m.Driver.MyWebDriverEventListener - WebDriver error: Element not found By.id: 
24802 [main] ERROR m.Driver.MyWebDriverEventListener - WebDriver error: Element not found By.id: 
25335 [main] ERROR m.Driver.MyWebDriverEventListener - WebDriver error: Element not found By.id: 
25844 [main] ERROR m.Driver.MyWebDriverEventListener - WebDriver error: Element not found By.id: 
26354 [main] ERROR m.Driver.MyWebDriverEventListener - WebDriver error: Element not found By.id: 
26863 [main] ERROR m.Driver.MyWebDriverEventListener - WebDriver error: Element not found By.id: 
27372 [main] ERROR m.Driver.MyWebDriverEventListener - WebDriver error: Element not found By.id: 
27384 [main] INFO  test.java.LogTest - >>>>>>>>>>@AfterMethod<<<<<<<<<
27457 [Thread-0] DEBUG main.Driver.WebDriverFactory - Killing driver 
248  [main] INFO  test.java.LogTest - >>>>>>>>>>>>>>>>>>>>>>>>>>>>>>>>>>>>>class test.java.MoneyTest<<<<<<<<<<<<<<<<<<<<<<<<<<<<<<<<<<<<<<<
255  [main] DEBUG main.Driver.WebDriverFactory - Requested driver: Capabilities [{platform=ANY, browserName=firefox, version=}]:null
3626 [main] INFO  m.Driver.MyWebDriverEventListener - WebDriver navigating to:'https://edu-12/templates/money'
4973 [main] INFO  test.java.LogTest - >>>>>>>>>>@AfterMethod<<<<<<<<<
5021 [Thread-0] DEBUG main.Driver.WebDriverFactory - Killing driver 
249  [main] INFO  test.java.LogTest - >>>>>>>>>>>>>>>>>>>>>>>>>>>>>>>>>>>>>class test.java.MoneyTest<<<<<<<<<<<<<<<<<<<<<<<<<<<<<<<<<<<<<<<
256  [main] DEBUG main.Driver.WebDriverFactory - Requested driver: Capabilities [{platform=ANY, browserName=firefox, version=}]:null
3596 [main] INFO  m.Driver.MyWebDriverEventListener - WebDriver navigating to:'https://edu-12/templates/money'
4936 [main] INFO  test.java.LogTest - >>>>>>>>>>@AfterMethod<<<<<<<<<
4978 [Thread-0] DEBUG main.Driver.WebDriverFactory - Killing driver 
