421  [main] INFO  test.java.LogTest - ______________________________________class test.java.TimeZone______________________________________
494  [main] DEBUG main.Driver.WebDriverFactory - Requested driver: Capabilities [{browserName=firefox}]:null. Driver uses count = 1
4319 [main] INFO  test.java.LogTest - _______________________Test = freeHangoutCreation()_______________________
4355 [main] INFO  m.Driver.MyWebDriverEventListener - WebDriver navigating to:'https://testun.com.ua/conference/40328'
13991 [main] ERROR m.Driver.MyWebDriverEventListener - ________________________________________________________________________________________________________________
14001 [main] ERROR m.Driver.MyWebDriverEventListener - WebDriver error:
org.openqa.selenium.remote.UnreachableBrowserException: Error communicating with the remote browser. It may have died.
Build info: version: '2.42.2', revision: '6a6995d', time: '2014-06-03 17:42:03'
System info: host: 'alexandra-System-Product-Name', ip: '127.0.1.1', os.name: 'Linux', os.arch: 'amd64', os.version: '3.2.0-23-generic', java.version: '1.7.0_60'
Driver info: driver.version: EventFiringWebDriver
	at org.openqa.selenium.remote.RemoteWebDriver.execute(RemoteWebDriver.java:593) ~[selenium-server-standalone-2.42.2.jar:na]
	at org.openqa.selenium.remote.RemoteWebDriver.findElements(RemoteWebDriver.java:377) ~[selenium-server-standalone-2.42.2.jar:na]
	at org.openqa.selenium.remote.RemoteWebDriver.findElementsByXPath(RemoteWebDriver.java:453) ~[selenium-server-standalone-2.42.2.jar:na]
	at org.openqa.selenium.By$ByXPath.findElements(By.java:352) ~[selenium-server-standalone-2.42.2.jar:na]
	at org.openqa.selenium.remote.RemoteWebDriver.findElements(RemoteWebDriver.java:340) ~[selenium-server-standalone-2.42.2.jar:na]
	at sun.reflect.NativeMethodAccessorImpl.invoke0(Native Method) ~[na:1.7.0_60]
	at sun.reflect.NativeMethodAccessorImpl.invoke(NativeMethodAccessorImpl.java:57) ~[na:1.7.0_60]
	at sun.reflect.DelegatingMethodAccessorImpl.invoke(DelegatingMethodAccessorImpl.java:43) ~[na:1.7.0_60]
	at java.lang.reflect.Method.invoke(Method.java:606) ~[na:1.7.0_60]
	at org.openqa.selenium.support.events.EventFiringWebDriver$2.invoke(EventFiringWebDriver.java:101) ~[selenium-server-standalone-2.42.2.jar:na]
	at com.sun.proxy.$Proxy9.findElements(Unknown Source) ~[na:na]
	at org.openqa.selenium.support.events.EventFiringWebDriver.findElements(EventFiringWebDriver.java:173) ~[selenium-server-standalone-2.42.2.jar:na]
	at test.java.TimeZone.getCitiesList(TimeZone.java:91) ~[classes/:na]
	at test.java.TimeZone.timezoneTest(TimeZone.java:113) ~[classes/:na]
	at sun.reflect.NativeMethodAccessorImpl.invoke0(Native Method) ~[na:1.7.0_60]
	at sun.reflect.NativeMethodAccessorImpl.invoke(NativeMethodAccessorImpl.java:57) ~[na:1.7.0_60]
	at sun.reflect.DelegatingMethodAccessorImpl.invoke(DelegatingMethodAccessorImpl.java:43) ~[na:1.7.0_60]
	at java.lang.reflect.Method.invoke(Method.java:606) ~[na:1.7.0_60]
	at org.testng.internal.MethodInvocationHelper.invokeMethod(MethodInvocationHelper.java:80) [testng.jar:6.9beta-201211201815]
	at org.testng.internal.Invoker.invokeMethod(Invoker.java:714) [testng.jar:6.9beta-201211201815]
	at org.testng.internal.Invoker.invokeTestMethod(Invoker.java:901) [testng.jar:6.9beta-201211201815]
	at org.testng.internal.Invoker.invokeTestMethods(Invoker.java:1231) [testng.jar:6.9beta-201211201815]
	at org.testng.internal.TestMethodWorker.invokeTestMethods(TestMethodWorker.java:128) [testng.jar:6.9beta-201211201815]
	at org.testng.internal.TestMethodWorker.run(TestMethodWorker.java:111) [testng.jar:6.9beta-201211201815]
	at org.testng.TestRunner.privateRun(TestRunner.java:767) [testng.jar:6.9beta-201211201815]
	at org.testng.TestRunner.run(TestRunner.java:617) [testng.jar:6.9beta-201211201815]
	at org.testng.SuiteRunner.runTest(SuiteRunner.java:334) [testng.jar:6.9beta-201211201815]
	at org.testng.SuiteRunner.runSequentially(SuiteRunner.java:329) [testng.jar:6.9beta-201211201815]
	at org.testng.SuiteRunner.privateRun(SuiteRunner.java:291) [testng.jar:6.9beta-201211201815]
	at org.testng.SuiteRunner.run(SuiteRunner.java:240) [testng.jar:6.9beta-201211201815]
	at org.testng.SuiteRunnerWorker.runSuite(SuiteRunnerWorker.java:52) [testng.jar:6.9beta-201211201815]
	at org.testng.SuiteRunnerWorker.run(SuiteRunnerWorker.java:86) [testng.jar:6.9beta-201211201815]
	at org.testng.TestNG.runSuitesSequentially(TestNG.java:1203) [testng.jar:6.9beta-201211201815]
	at org.testng.TestNG.runSuitesLocally(TestNG.java:1128) [testng.jar:6.9beta-201211201815]
	at org.testng.TestNG.run(TestNG.java:1036) [testng.jar:6.9beta-201211201815]
	at org.testng.remote.RemoteTestNG.run(RemoteTestNG.java:111) [testng.jar:6.9beta-201211201815]
	at org.testng.remote.RemoteTestNG.initAndRun(RemoteTestNG.java:204) [testng.jar:6.9beta-201211201815]
	at org.testng.remote.RemoteTestNG.main(RemoteTestNG.java:175) [testng.jar:6.9beta-201211201815]
Caused by: org.apache.http.conn.HttpHostConnectException: Connect to 127.0.0.1:7055 [/127.0.0.1] failed: Connection refused
	at org.apache.http.impl.conn.HttpClientConnectionOperator.connect(HttpClientConnectionOperator.java:138) ~[selenium-server-standalone-2.42.2.jar:na]
	at org.apache.http.impl.conn.PoolingHttpClientConnectionManager.connect(PoolingHttpClientConnectionManager.java:314) ~[selenium-server-standalone-2.42.2.jar:na]
	at org.apache.http.impl.execchain.MainClientExec.establishRoute(MainClientExec.java:363) ~[selenium-server-standalone-2.42.2.jar:na]
	at org.apache.http.impl.execchain.MainClientExec.execute(MainClientExec.java:219) ~[selenium-server-standalone-2.42.2.jar:na]
	at org.apache.http.impl.execchain.ProtocolExec.execute(ProtocolExec.java:195) ~[selenium-server-standalone-2.42.2.jar:na]
	at org.apache.http.impl.execchain.RetryExec.execute(RetryExec.java:85) ~[selenium-server-standalone-2.42.2.jar:na]
	at org.apache.http.impl.execchain.RedirectExec.execute(RedirectExec.java:108) ~[selenium-server-standalone-2.42.2.jar:na]
	at org.apache.http.impl.client.InternalHttpClient.doExecute(InternalHttpClient.java:186) ~[selenium-server-standalone-2.42.2.jar:na]
	at org.apache.http.impl.client.CloseableHttpClient.execute(CloseableHttpClient.java:72) ~[selenium-server-standalone-2.42.2.jar:na]
	at org.apache.http.impl.client.CloseableHttpClient.execute(CloseableHttpClient.java:57) ~[selenium-server-standalone-2.42.2.jar:na]
	at org.openqa.selenium.remote.HttpCommandExecutor.fallBackExecute(HttpCommandExecutor.java:222) ~[selenium-server-standalone-2.42.2.jar:na]
	at org.openqa.selenium.remote.HttpCommandExecutor.execute(HttpCommandExecutor.java:173) ~[selenium-server-standalone-2.42.2.jar:na]
	at org.openqa.selenium.firefox.internal.NewProfileExtensionConnection.execute(NewProfileExtensionConnection.java:165) ~[selenium-server-standalone-2.42.2.jar:na]
	at org.openqa.selenium.firefox.FirefoxDriver$LazyCommandExecutor.execute(FirefoxDriver.java:362) ~[selenium-server-standalone-2.42.2.jar:na]
	at org.openqa.selenium.remote.RemoteWebDriver.execute(RemoteWebDriver.java:572) ~[selenium-server-standalone-2.42.2.jar:na]
	... 37 common frames omitted
Caused by: java.net.ConnectException: Connection refused
	at java.net.PlainSocketImpl.socketConnect(Native Method) ~[na:1.7.0_60]
	at java.net.AbstractPlainSocketImpl.doConnect(AbstractPlainSocketImpl.java:339) ~[na:1.7.0_60]
	at java.net.AbstractPlainSocketImpl.connectToAddress(AbstractPlainSocketImpl.java:200) ~[na:1.7.0_60]
	at java.net.AbstractPlainSocketImpl.connect(AbstractPlainSocketImpl.java:182) ~[na:1.7.0_60]
	at java.net.SocksSocketImpl.connect(SocksSocketImpl.java:392) ~[na:1.7.0_60]
	at java.net.Socket.connect(Socket.java:579) ~[na:1.7.0_60]
	at org.apache.http.conn.socket.PlainConnectionSocketFactory.connectSocket(PlainConnectionSocketFactory.java:72) ~[selenium-server-standalone-2.42.2.jar:na]
	at org.apache.http.impl.conn.HttpClientConnectionOperator.connect(HttpClientConnectionOperator.java:118) ~[selenium-server-standalone-2.42.2.jar:na]
	... 51 common frames omitted
14002 [main] ERROR m.Driver.MyWebDriverEventListener - ________________________________________________________________________________________________________________
14091 [Thread-0] DEBUG main.Driver.WebDriverFactory - Killing driver 
14102 [Thread-0] ERROR m.Driver.MyWebDriverEventListener - ________________________________________________________________________________________________________________
14104 [Thread-0] ERROR m.Driver.MyWebDriverEventListener - WebDriver error:
org.openqa.selenium.remote.UnreachableBrowserException: Error communicating with the remote browser. It may have died.
Build info: version: '2.42.2', revision: '6a6995d', time: '2014-06-03 17:42:03'
System info: host: 'alexandra-System-Product-Name', ip: '127.0.1.1', os.name: 'Linux', os.arch: 'amd64', os.version: '3.2.0-23-generic', java.version: '1.7.0_60'
Driver info: driver.version: EventFiringWebDriver
	at org.openqa.selenium.remote.RemoteWebDriver.execute(RemoteWebDriver.java:593) ~[selenium-server-standalone-2.42.2.jar:na]
	at org.openqa.selenium.remote.RemoteWebDriver.execute(RemoteWebDriver.java:614) ~[selenium-server-standalone-2.42.2.jar:na]
	at org.openqa.selenium.remote.RemoteWebDriver.quit(RemoteWebDriver.java:468) ~[selenium-server-standalone-2.42.2.jar:na]
	at sun.reflect.NativeMethodAccessorImpl.invoke0(Native Method) ~[na:1.7.0_60]
	at sun.reflect.NativeMethodAccessorImpl.invoke(NativeMethodAccessorImpl.java:57) ~[na:1.7.0_60]
	at sun.reflect.DelegatingMethodAccessorImpl.invoke(DelegatingMethodAccessorImpl.java:43) ~[na:1.7.0_60]
	at java.lang.reflect.Method.invoke(Method.java:606) ~[na:1.7.0_60]
	at org.openqa.selenium.support.events.EventFiringWebDriver$2.invoke(EventFiringWebDriver.java:101) ~[selenium-server-standalone-2.42.2.jar:na]
	at com.sun.proxy.$Proxy9.quit(Unknown Source) ~[na:na]
	at org.openqa.selenium.support.events.EventFiringWebDriver.quit(EventFiringWebDriver.java:198) ~[selenium-server-standalone-2.42.2.jar:na]
	at main.Driver.WebDriverFactory.dismissDriver(WebDriverFactory.java:98) ~[classes/:na]
	at main.Driver.WebDriverFactory$1.run(WebDriverFactory.java:164) ~[classes/:na]
Caused by: org.apache.http.conn.HttpHostConnectException: Connect to 127.0.0.1:7055 [/127.0.0.1] failed: Connection refused
	at org.apache.http.impl.conn.HttpClientConnectionOperator.connect(HttpClientConnectionOperator.java:138) ~[selenium-server-standalone-2.42.2.jar:na]
	at org.apache.http.impl.conn.PoolingHttpClientConnectionManager.connect(PoolingHttpClientConnectionManager.java:314) ~[selenium-server-standalone-2.42.2.jar:na]
	at org.apache.http.impl.execchain.MainClientExec.establishRoute(MainClientExec.java:363) ~[selenium-server-standalone-2.42.2.jar:na]
	at org.apache.http.impl.execchain.MainClientExec.execute(MainClientExec.java:219) ~[selenium-server-standalone-2.42.2.jar:na]
	at org.apache.http.impl.execchain.ProtocolExec.execute(ProtocolExec.java:195) ~[selenium-server-standalone-2.42.2.jar:na]
	at org.apache.http.impl.execchain.RetryExec.execute(RetryExec.java:85) ~[selenium-server-standalone-2.42.2.jar:na]
	at org.apache.http.impl.execchain.RedirectExec.execute(RedirectExec.java:108) ~[selenium-server-standalone-2.42.2.jar:na]
	at org.apache.http.impl.client.InternalHttpClient.doExecute(InternalHttpClient.java:186) ~[selenium-server-standalone-2.42.2.jar:na]
	at org.apache.http.impl.client.CloseableHttpClient.execute(CloseableHttpClient.java:72) ~[selenium-server-standalone-2.42.2.jar:na]
	at org.apache.http.impl.client.CloseableHttpClient.execute(CloseableHttpClient.java:57) ~[selenium-server-standalone-2.42.2.jar:na]
	at org.openqa.selenium.remote.HttpCommandExecutor.fallBackExecute(HttpCommandExecutor.java:204) ~[selenium-server-standalone-2.42.2.jar:na]
	at org.openqa.selenium.remote.HttpCommandExecutor.execute(HttpCommandExecutor.java:173) ~[selenium-server-standalone-2.42.2.jar:na]
	at org.openqa.selenium.firefox.internal.NewProfileExtensionConnection.execute(NewProfileExtensionConnection.java:165) ~[selenium-server-standalone-2.42.2.jar:na]
	at org.openqa.selenium.firefox.FirefoxDriver$LazyCommandExecutor.execute(FirefoxDriver.java:362) ~[selenium-server-standalone-2.42.2.jar:na]
	at org.openqa.selenium.remote.RemoteWebDriver.execute(RemoteWebDriver.java:572) ~[selenium-server-standalone-2.42.2.jar:na]
	... 11 common frames omitted
Caused by: java.net.ConnectException: Connection refused
	at java.net.PlainSocketImpl.socketConnect(Native Method) ~[na:1.7.0_60]
	at java.net.AbstractPlainSocketImpl.doConnect(AbstractPlainSocketImpl.java:339) ~[na:1.7.0_60]
	at java.net.AbstractPlainSocketImpl.connectToAddress(AbstractPlainSocketImpl.java:200) ~[na:1.7.0_60]
	at java.net.AbstractPlainSocketImpl.connect(AbstractPlainSocketImpl.java:182) ~[na:1.7.0_60]
	at java.net.SocksSocketImpl.connect(SocksSocketImpl.java:392) ~[na:1.7.0_60]
	at java.net.Socket.connect(Socket.java:579) ~[na:1.7.0_60]
	at org.apache.http.conn.socket.PlainConnectionSocketFactory.connectSocket(PlainConnectionSocketFactory.java:72) ~[selenium-server-standalone-2.42.2.jar:na]
	at org.apache.http.impl.conn.HttpClientConnectionOperator.connect(HttpClientConnectionOperator.java:118) ~[selenium-server-standalone-2.42.2.jar:na]
	... 25 common frames omitted
14105 [Thread-0] ERROR m.Driver.MyWebDriverEventListener - ________________________________________________________________________________________________________________
14110 [Thread-0] WARN  main.Driver.WebDriverFactory - Driver killing error
org.openqa.selenium.remote.SessionNotFoundException: The FirefoxDriver cannot be used after quit() was called.
Build info: version: '2.42.2', revision: '6a6995d', time: '2014-06-03 17:42:03'
System info: host: 'alexandra-System-Product-Name', ip: '127.0.1.1', os.name: 'Linux', os.arch: 'amd64', os.version: '3.2.0-23-generic', java.version: '1.7.0_60'
Driver info: driver.version: EventFiringWebDriver
	at org.openqa.selenium.firefox.FirefoxDriver$LazyCommandExecutor.execute(FirefoxDriver.java:359) ~[selenium-server-standalone-2.42.2.jar:na]
	at org.openqa.selenium.remote.RemoteWebDriver.execute(RemoteWebDriver.java:572) ~[selenium-server-standalone-2.42.2.jar:na]
	at org.openqa.selenium.remote.RemoteWebDriver.executeScript(RemoteWebDriver.java:508) ~[selenium-server-standalone-2.42.2.jar:na]
	at main.Driver.MyWebDriverEventListener.onException(MyWebDriverEventListener.java:65) ~[classes/:na]
	at sun.reflect.NativeMethodAccessorImpl.invoke0(Native Method) ~[na:1.7.0_60]
	at sun.reflect.NativeMethodAccessorImpl.invoke(NativeMethodAccessorImpl.java:57) ~[na:1.7.0_60]
	at sun.reflect.DelegatingMethodAccessorImpl.invoke(DelegatingMethodAccessorImpl.java:43) ~[na:1.7.0_60]
	at java.lang.reflect.Method.invoke(Method.java:606) ~[na:1.7.0_60]
	at org.openqa.selenium.support.events.EventFiringWebDriver$1.invoke(EventFiringWebDriver.java:78) ~[selenium-server-standalone-2.42.2.jar:na]
	at com.sun.proxy.$Proxy8.onException(Unknown Source) ~[na:na]
	at org.openqa.selenium.support.events.EventFiringWebDriver$2.invoke(EventFiringWebDriver.java:103) ~[selenium-server-standalone-2.42.2.jar:na]
	at com.sun.proxy.$Proxy9.quit(Unknown Source) ~[na:na]
	at org.openqa.selenium.support.events.EventFiringWebDriver.quit(EventFiringWebDriver.java:198) ~[selenium-server-standalone-2.42.2.jar:na]
	at main.Driver.WebDriverFactory.dismissDriver(WebDriverFactory.java:98) ~[classes/:na]
	at main.Driver.WebDriverFactory$1.run(WebDriverFactory.java:164) [classes/:na]
270  [main] INFO  test.java.LogTest - ______________________________________class test.java.TimeZone______________________________________
280  [main] DEBUG main.Driver.WebDriverFactory - Requested driver: Capabilities [{browserName=firefox}]:null. Driver uses count = 1
3500 [main] INFO  test.java.LogTest - _______________________Test = freeHangoutCreation()_______________________
3504 [main] INFO  m.Driver.MyWebDriverEventListener - WebDriver navigating to:'https://testun.com.ua/sys/sys/test_cookie_key'
4143 [main] INFO  m.Driver.MyWebDriverEventListener - WebDriver navigating to:'https://testun.com.ua/conference/40328'
8415 [Thread-0] DEBUG main.Driver.WebDriverFactory - Killing driver 
269  [main] INFO  test.java.LogTest - ______________________________________class test.java.TimeZone______________________________________
279  [main] DEBUG main.Driver.WebDriverFactory - Requested driver: Capabilities [{browserName=firefox}]:null. Driver uses count = 1
3608 [main] INFO  test.java.LogTest - _______________________Test = freeHangoutCreation()_______________________
3610 [main] INFO  m.Driver.MyWebDriverEventListener - WebDriver navigating to:'https://testun.com.ua/sys/sys/test_cookie_key'
4372 [main] INFO  m.Driver.MyWebDriverEventListener - WebDriver navigating to:'https://testun.com.ua/conference/40328'
8745 [Thread-0] DEBUG main.Driver.WebDriverFactory - Killing driver 
10822 [Thread-0] ERROR m.Driver.MyWebDriverEventListener - ________________________________________________________________________________________________________________
10828 [Thread-0] ERROR m.Driver.MyWebDriverEventListener - WebDriver error:
org.openqa.selenium.remote.UnreachableBrowserException: Error communicating with the remote browser. It may have died.
Build info: version: '2.42.2', revision: '6a6995d', time: '2014-06-03 17:42:03'
System info: host: 'alexandra-System-Product-Name', ip: '127.0.1.1', os.name: 'Linux', os.arch: 'amd64', os.version: '3.2.0-23-generic', java.version: '1.7.0_60'
Driver info: driver.version: EventFiringWebDriver
	at org.openqa.selenium.remote.RemoteWebDriver.execute(RemoteWebDriver.java:593) ~[selenium-server-standalone-2.42.2.jar:na]
	at org.openqa.selenium.remote.RemoteWebDriver.execute(RemoteWebDriver.java:614) ~[selenium-server-standalone-2.42.2.jar:na]
	at org.openqa.selenium.remote.RemoteWebDriver.quit(RemoteWebDriver.java:468) ~[selenium-server-standalone-2.42.2.jar:na]
	at sun.reflect.NativeMethodAccessorImpl.invoke0(Native Method) ~[na:1.7.0_60]
	at sun.reflect.NativeMethodAccessorImpl.invoke(NativeMethodAccessorImpl.java:57) ~[na:1.7.0_60]
	at sun.reflect.DelegatingMethodAccessorImpl.invoke(DelegatingMethodAccessorImpl.java:43) ~[na:1.7.0_60]
	at java.lang.reflect.Method.invoke(Method.java:606) ~[na:1.7.0_60]
	at org.openqa.selenium.support.events.EventFiringWebDriver$2.invoke(EventFiringWebDriver.java:101) ~[selenium-server-standalone-2.42.2.jar:na]
	at com.sun.proxy.$Proxy9.quit(Unknown Source) ~[na:na]
	at org.openqa.selenium.support.events.EventFiringWebDriver.quit(EventFiringWebDriver.java:198) ~[selenium-server-standalone-2.42.2.jar:na]
	at main.Driver.WebDriverFactory.dismissDriver(WebDriverFactory.java:98) ~[classes/:na]
	at main.Driver.WebDriverFactory$1.run(WebDriverFactory.java:164) ~[classes/:na]
Caused by: org.apache.http.NoHttpResponseException: The target server failed to respond
	at org.apache.http.impl.conn.DefaultHttpResponseParser.parseHead(DefaultHttpResponseParser.java:143) ~[selenium-server-standalone-2.42.2.jar:na]
	at org.apache.http.impl.conn.DefaultHttpResponseParser.parseHead(DefaultHttpResponseParser.java:57) ~[selenium-server-standalone-2.42.2.jar:na]
	at org.apache.http.impl.io.AbstractMessageParser.parse(AbstractMessageParser.java:260) ~[selenium-server-standalone-2.42.2.jar:na]
	at org.apache.http.impl.DefaultBHttpClientConnection.receiveResponseHeader(DefaultBHttpClientConnection.java:161) ~[selenium-server-standalone-2.42.2.jar:na]
	at sun.reflect.GeneratedMethodAccessor7.invoke(Unknown Source) ~[na:na]
	at sun.reflect.DelegatingMethodAccessorImpl.invoke(DelegatingMethodAccessorImpl.java:43) ~[na:1.7.0_60]
	at java.lang.reflect.Method.invoke(Method.java:606) ~[na:1.7.0_60]
	at org.apache.http.impl.conn.CPoolProxy.invoke(CPoolProxy.java:138) ~[selenium-server-standalone-2.42.2.jar:na]
	at com.sun.proxy.$Proxy6.receiveResponseHeader(Unknown Source) ~[na:na]
	at org.apache.http.protocol.HttpRequestExecutor.doReceiveResponse(HttpRequestExecutor.java:271) ~[selenium-server-standalone-2.42.2.jar:na]
	at org.apache.http.protocol.HttpRequestExecutor.execute(HttpRequestExecutor.java:123) ~[selenium-server-standalone-2.42.2.jar:na]
	at org.apache.http.impl.execchain.MainClientExec.execute(MainClientExec.java:254) ~[selenium-server-standalone-2.42.2.jar:na]
	at org.apache.http.impl.execchain.ProtocolExec.execute(ProtocolExec.java:195) ~[selenium-server-standalone-2.42.2.jar:na]
	at org.apache.http.impl.execchain.RetryExec.execute(RetryExec.java:85) ~[selenium-server-standalone-2.42.2.jar:na]
	at org.apache.http.impl.execchain.RedirectExec.execute(RedirectExec.java:108) ~[selenium-server-standalone-2.42.2.jar:na]
	at org.apache.http.impl.client.InternalHttpClient.doExecute(InternalHttpClient.java:186) ~[selenium-server-standalone-2.42.2.jar:na]
	at org.apache.http.impl.client.CloseableHttpClient.execute(CloseableHttpClient.java:72) ~[selenium-server-standalone-2.42.2.jar:na]
	at org.apache.http.impl.client.CloseableHttpClient.execute(CloseableHttpClient.java:57) ~[selenium-server-standalone-2.42.2.jar:na]
	at org.openqa.selenium.remote.HttpCommandExecutor.fallBackExecute(HttpCommandExecutor.java:222) ~[selenium-server-standalone-2.42.2.jar:na]
	at org.openqa.selenium.remote.HttpCommandExecutor.execute(HttpCommandExecutor.java:173) ~[selenium-server-standalone-2.42.2.jar:na]
	at org.openqa.selenium.firefox.internal.NewProfileExtensionConnection.execute(NewProfileExtensionConnection.java:165) ~[selenium-server-standalone-2.42.2.jar:na]
	at org.openqa.selenium.firefox.FirefoxDriver$LazyCommandExecutor.execute(FirefoxDriver.java:362) ~[selenium-server-standalone-2.42.2.jar:na]
	at org.openqa.selenium.remote.RemoteWebDriver.execute(RemoteWebDriver.java:572) ~[selenium-server-standalone-2.42.2.jar:na]
	... 11 common frames omitted
10828 [Thread-0] ERROR m.Driver.MyWebDriverEventListener - ________________________________________________________________________________________________________________
10830 [Thread-0] WARN  main.Driver.WebDriverFactory - Driver killing error
org.openqa.selenium.remote.SessionNotFoundException: The FirefoxDriver cannot be used after quit() was called.
Build info: version: '2.42.2', revision: '6a6995d', time: '2014-06-03 17:42:03'
System info: host: 'alexandra-System-Product-Name', ip: '127.0.1.1', os.name: 'Linux', os.arch: 'amd64', os.version: '3.2.0-23-generic', java.version: '1.7.0_60'
Driver info: driver.version: EventFiringWebDriver
	at org.openqa.selenium.firefox.FirefoxDriver$LazyCommandExecutor.execute(FirefoxDriver.java:359) ~[selenium-server-standalone-2.42.2.jar:na]
	at org.openqa.selenium.remote.RemoteWebDriver.execute(RemoteWebDriver.java:572) ~[selenium-server-standalone-2.42.2.jar:na]
	at org.openqa.selenium.remote.RemoteWebDriver.executeScript(RemoteWebDriver.java:508) ~[selenium-server-standalone-2.42.2.jar:na]
	at main.Driver.MyWebDriverEventListener.onException(MyWebDriverEventListener.java:65) ~[classes/:na]
	at sun.reflect.NativeMethodAccessorImpl.invoke0(Native Method) ~[na:1.7.0_60]
	at sun.reflect.NativeMethodAccessorImpl.invoke(NativeMethodAccessorImpl.java:57) ~[na:1.7.0_60]
	at sun.reflect.DelegatingMethodAccessorImpl.invoke(DelegatingMethodAccessorImpl.java:43) ~[na:1.7.0_60]
	at java.lang.reflect.Method.invoke(Method.java:606) ~[na:1.7.0_60]
	at org.openqa.selenium.support.events.EventFiringWebDriver$1.invoke(EventFiringWebDriver.java:78) ~[selenium-server-standalone-2.42.2.jar:na]
	at com.sun.proxy.$Proxy8.onException(Unknown Source) ~[na:na]
	at org.openqa.selenium.support.events.EventFiringWebDriver$2.invoke(EventFiringWebDriver.java:103) ~[selenium-server-standalone-2.42.2.jar:na]
	at com.sun.proxy.$Proxy9.quit(Unknown Source) ~[na:na]
	at org.openqa.selenium.support.events.EventFiringWebDriver.quit(EventFiringWebDriver.java:198) ~[selenium-server-standalone-2.42.2.jar:na]
	at main.Driver.WebDriverFactory.dismissDriver(WebDriverFactory.java:98) ~[classes/:na]
	at main.Driver.WebDriverFactory$1.run(WebDriverFactory.java:164) [classes/:na]
269  [main] INFO  test.java.LogTest - ______________________________________class test.java.TimeZone______________________________________
279  [main] DEBUG main.Driver.WebDriverFactory - Requested driver: Capabilities [{browserName=firefox}]:null. Driver uses count = 1
3898 [main] INFO  test.java.LogTest - _______________________Test = freeHangoutCreation()_______________________
3901 [main] INFO  m.Driver.MyWebDriverEventListener - WebDriver navigating to:'https://testun.com.ua/sys/sys/test_cookie_key'
4552 [main] INFO  m.Driver.MyWebDriverEventListener - WebDriver navigating to:'https://testun.com.ua/conference/40328'
8774 [main] DEBUG m.Driver.MyWebDriverEventListener - Webdriver will click on element tag:a |id:  |text: ('Select your timezone')
10596 [main] DEBUG m.Driver.MyWebDriverEventListener - hope Webdriver clicked on element tag:a |id:  |text: ('Select your timezone')
10987 [Thread-0] DEBUG main.Driver.WebDriverFactory - Killing driver 
267  [main] INFO  test.java.LogTest - ______________________________________class test.java.TimeZone______________________________________
277  [main] DEBUG main.Driver.WebDriverFactory - Requested driver: Capabilities [{browserName=firefox}]:null. Driver uses count = 1
3572 [main] INFO  test.java.LogTest - _______________________Test = freeHangoutCreation()_______________________
3577 [main] INFO  m.Driver.MyWebDriverEventListener - WebDriver navigating to:'https://testun.com.ua/sys/sys/test_cookie_key'
4181 [main] INFO  m.Driver.MyWebDriverEventListener - WebDriver navigating to:'https://testun.com.ua/conference/40328'
7926 [main] DEBUG m.Driver.MyWebDriverEventListener - Webdriver will click on element tag:a |id:  |text: ('Select your timezone')
9768 [main] DEBUG m.Driver.MyWebDriverEventListener - hope Webdriver clicked on element tag:a |id:  |text: ('Select your timezone')
10839 [Thread-0] DEBUG main.Driver.WebDriverFactory - Killing driver 
12970 [Thread-0] ERROR m.Driver.MyWebDriverEventListener - ________________________________________________________________________________________________________________
12975 [Thread-0] ERROR m.Driver.MyWebDriverEventListener - WebDriver error:
org.openqa.selenium.remote.UnreachableBrowserException: Error communicating with the remote browser. It may have died.
Build info: version: '2.42.2', revision: '6a6995d', time: '2014-06-03 17:42:03'
System info: host: 'alexandra-System-Product-Name', ip: '127.0.1.1', os.name: 'Linux', os.arch: 'amd64', os.version: '3.2.0-23-generic', java.version: '1.7.0_60'
Driver info: driver.version: EventFiringWebDriver
	at org.openqa.selenium.remote.RemoteWebDriver.execute(RemoteWebDriver.java:593) ~[selenium-server-standalone-2.42.2.jar:na]
	at org.openqa.selenium.remote.RemoteWebDriver.execute(RemoteWebDriver.java:614) ~[selenium-server-standalone-2.42.2.jar:na]
	at org.openqa.selenium.remote.RemoteWebDriver.quit(RemoteWebDriver.java:468) ~[selenium-server-standalone-2.42.2.jar:na]
	at sun.reflect.NativeMethodAccessorImpl.invoke0(Native Method) ~[na:1.7.0_60]
	at sun.reflect.NativeMethodAccessorImpl.invoke(NativeMethodAccessorImpl.java:57) ~[na:1.7.0_60]
	at sun.reflect.DelegatingMethodAccessorImpl.invoke(DelegatingMethodAccessorImpl.java:43) ~[na:1.7.0_60]
	at java.lang.reflect.Method.invoke(Method.java:606) ~[na:1.7.0_60]
	at org.openqa.selenium.support.events.EventFiringWebDriver$2.invoke(EventFiringWebDriver.java:101) ~[selenium-server-standalone-2.42.2.jar:na]
	at com.sun.proxy.$Proxy9.quit(Unknown Source) ~[na:na]
	at org.openqa.selenium.support.events.EventFiringWebDriver.quit(EventFiringWebDriver.java:198) ~[selenium-server-standalone-2.42.2.jar:na]
	at main.Driver.WebDriverFactory.dismissDriver(WebDriverFactory.java:98) ~[classes/:na]
	at main.Driver.WebDriverFactory$1.run(WebDriverFactory.java:164) ~[classes/:na]
Caused by: org.apache.http.NoHttpResponseException: The target server failed to respond
	at org.apache.http.impl.conn.DefaultHttpResponseParser.parseHead(DefaultHttpResponseParser.java:143) ~[selenium-server-standalone-2.42.2.jar:na]
	at org.apache.http.impl.conn.DefaultHttpResponseParser.parseHead(DefaultHttpResponseParser.java:57) ~[selenium-server-standalone-2.42.2.jar:na]
	at org.apache.http.impl.io.AbstractMessageParser.parse(AbstractMessageParser.java:260) ~[selenium-server-standalone-2.42.2.jar:na]
	at org.apache.http.impl.DefaultBHttpClientConnection.receiveResponseHeader(DefaultBHttpClientConnection.java:161) ~[selenium-server-standalone-2.42.2.jar:na]
	at sun.reflect.GeneratedMethodAccessor7.invoke(Unknown Source) ~[na:na]
	at sun.reflect.DelegatingMethodAccessorImpl.invoke(DelegatingMethodAccessorImpl.java:43) ~[na:1.7.0_60]
	at java.lang.reflect.Method.invoke(Method.java:606) ~[na:1.7.0_60]
	at org.apache.http.impl.conn.CPoolProxy.invoke(CPoolProxy.java:138) ~[selenium-server-standalone-2.42.2.jar:na]
	at com.sun.proxy.$Proxy6.receiveResponseHeader(Unknown Source) ~[na:na]
	at org.apache.http.protocol.HttpRequestExecutor.doReceiveResponse(HttpRequestExecutor.java:271) ~[selenium-server-standalone-2.42.2.jar:na]
	at org.apache.http.protocol.HttpRequestExecutor.execute(HttpRequestExecutor.java:123) ~[selenium-server-standalone-2.42.2.jar:na]
	at org.apache.http.impl.execchain.MainClientExec.execute(MainClientExec.java:254) ~[selenium-server-standalone-2.42.2.jar:na]
	at org.apache.http.impl.execchain.ProtocolExec.execute(ProtocolExec.java:195) ~[selenium-server-standalone-2.42.2.jar:na]
	at org.apache.http.impl.execchain.RetryExec.execute(RetryExec.java:85) ~[selenium-server-standalone-2.42.2.jar:na]
	at org.apache.http.impl.execchain.RedirectExec.execute(RedirectExec.java:108) ~[selenium-server-standalone-2.42.2.jar:na]
	at org.apache.http.impl.client.InternalHttpClient.doExecute(InternalHttpClient.java:186) ~[selenium-server-standalone-2.42.2.jar:na]
	at org.apache.http.impl.client.CloseableHttpClient.execute(CloseableHttpClient.java:72) ~[selenium-server-standalone-2.42.2.jar:na]
	at org.apache.http.impl.client.CloseableHttpClient.execute(CloseableHttpClient.java:57) ~[selenium-server-standalone-2.42.2.jar:na]
	at org.openqa.selenium.remote.HttpCommandExecutor.fallBackExecute(HttpCommandExecutor.java:222) ~[selenium-server-standalone-2.42.2.jar:na]
	at org.openqa.selenium.remote.HttpCommandExecutor.execute(HttpCommandExecutor.java:173) ~[selenium-server-standalone-2.42.2.jar:na]
	at org.openqa.selenium.firefox.internal.NewProfileExtensionConnection.execute(NewProfileExtensionConnection.java:165) ~[selenium-server-standalone-2.42.2.jar:na]
	at org.openqa.selenium.firefox.FirefoxDriver$LazyCommandExecutor.execute(FirefoxDriver.java:362) ~[selenium-server-standalone-2.42.2.jar:na]
	at org.openqa.selenium.remote.RemoteWebDriver.execute(RemoteWebDriver.java:572) ~[selenium-server-standalone-2.42.2.jar:na]
	... 11 common frames omitted
12975 [Thread-0] ERROR m.Driver.MyWebDriverEventListener - ________________________________________________________________________________________________________________
12977 [Thread-0] WARN  main.Driver.WebDriverFactory - Driver killing error
org.openqa.selenium.remote.SessionNotFoundException: The FirefoxDriver cannot be used after quit() was called.
Build info: version: '2.42.2', revision: '6a6995d', time: '2014-06-03 17:42:03'
System info: host: 'alexandra-System-Product-Name', ip: '127.0.1.1', os.name: 'Linux', os.arch: 'amd64', os.version: '3.2.0-23-generic', java.version: '1.7.0_60'
Driver info: driver.version: EventFiringWebDriver
	at org.openqa.selenium.firefox.FirefoxDriver$LazyCommandExecutor.execute(FirefoxDriver.java:359) ~[selenium-server-standalone-2.42.2.jar:na]
	at org.openqa.selenium.remote.RemoteWebDriver.execute(RemoteWebDriver.java:572) ~[selenium-server-standalone-2.42.2.jar:na]
	at org.openqa.selenium.remote.RemoteWebDriver.executeScript(RemoteWebDriver.java:508) ~[selenium-server-standalone-2.42.2.jar:na]
	at main.Driver.MyWebDriverEventListener.onException(MyWebDriverEventListener.java:65) ~[classes/:na]
	at sun.reflect.NativeMethodAccessorImpl.invoke0(Native Method) ~[na:1.7.0_60]
	at sun.reflect.NativeMethodAccessorImpl.invoke(NativeMethodAccessorImpl.java:57) ~[na:1.7.0_60]
	at sun.reflect.DelegatingMethodAccessorImpl.invoke(DelegatingMethodAccessorImpl.java:43) ~[na:1.7.0_60]
	at java.lang.reflect.Method.invoke(Method.java:606) ~[na:1.7.0_60]
	at org.openqa.selenium.support.events.EventFiringWebDriver$1.invoke(EventFiringWebDriver.java:78) ~[selenium-server-standalone-2.42.2.jar:na]
	at com.sun.proxy.$Proxy8.onException(Unknown Source) ~[na:na]
	at org.openqa.selenium.support.events.EventFiringWebDriver$2.invoke(EventFiringWebDriver.java:103) ~[selenium-server-standalone-2.42.2.jar:na]
	at com.sun.proxy.$Proxy9.quit(Unknown Source) ~[na:na]
	at org.openqa.selenium.support.events.EventFiringWebDriver.quit(EventFiringWebDriver.java:198) ~[selenium-server-standalone-2.42.2.jar:na]
	at main.Driver.WebDriverFactory.dismissDriver(WebDriverFactory.java:98) ~[classes/:na]
	at main.Driver.WebDriverFactory$1.run(WebDriverFactory.java:164) [classes/:na]
271  [main] INFO  test.java.LogTest - ______________________________________class test.java.TimeZone______________________________________
281  [main] DEBUG main.Driver.WebDriverFactory - Requested driver: Capabilities [{browserName=firefox}]:null. Driver uses count = 1
3628 [main] INFO  test.java.LogTest - _______________________Test = freeHangoutCreation()_______________________
3632 [main] INFO  m.Driver.MyWebDriverEventListener - WebDriver navigating to:'https://testun.com.ua/sys/sys/test_cookie_key'
4306 [main] INFO  m.Driver.MyWebDriverEventListener - WebDriver navigating to:'https://testun.com.ua/conference/40328'
12199 [main] DEBUG m.Driver.MyWebDriverEventListener - Webdriver will click on element tag:a |id:  |text: ('Select your timezone')
14137 [main] DEBUG m.Driver.MyWebDriverEventListener - hope Webdriver clicked on element tag:a |id:  |text: ('Select your timezone')
15173 [Thread-0] DEBUG main.Driver.WebDriverFactory - Killing driver 
269  [main] INFO  test.java.LogTest - ______________________________________class test.java.TimeZone______________________________________
279  [main] DEBUG main.Driver.WebDriverFactory - Requested driver: Capabilities [{browserName=firefox}]:null. Driver uses count = 1
3536 [main] INFO  test.java.LogTest - _______________________Test = freeHangoutCreation()_______________________
3541 [main] INFO  m.Driver.MyWebDriverEventListener - WebDriver navigating to:'https://testun.com.ua/sys/sys/test_cookie_key'
4157 [main] INFO  m.Driver.MyWebDriverEventListener - WebDriver navigating to:'https://testun.com.ua/conference/40328'
8000 [main] DEBUG m.Driver.MyWebDriverEventListener - Webdriver will click on element tag:a |id:  |text: ('Select your timezone')
9927 [main] DEBUG m.Driver.MyWebDriverEventListener - hope Webdriver clicked on element tag:a |id:  |text: ('Select your timezone')
10455 [Thread-0] DEBUG main.Driver.WebDriverFactory - Killing driver 
12536 [Thread-0] ERROR m.Driver.MyWebDriverEventListener - ________________________________________________________________________________________________________________
12545 [Thread-0] ERROR m.Driver.MyWebDriverEventListener - WebDriver error:
org.openqa.selenium.remote.UnreachableBrowserException: Error communicating with the remote browser. It may have died.
Build info: version: '2.42.2', revision: '6a6995d', time: '2014-06-03 17:42:03'
System info: host: 'alexandra-System-Product-Name', ip: '127.0.1.1', os.name: 'Linux', os.arch: 'amd64', os.version: '3.2.0-23-generic', java.version: '1.7.0_60'
Driver info: driver.version: EventFiringWebDriver
	at org.openqa.selenium.remote.RemoteWebDriver.execute(RemoteWebDriver.java:593) ~[selenium-server-standalone-2.42.2.jar:na]
	at org.openqa.selenium.remote.RemoteWebDriver.execute(RemoteWebDriver.java:614) ~[selenium-server-standalone-2.42.2.jar:na]
	at org.openqa.selenium.remote.RemoteWebDriver.quit(RemoteWebDriver.java:468) ~[selenium-server-standalone-2.42.2.jar:na]
	at sun.reflect.NativeMethodAccessorImpl.invoke0(Native Method) ~[na:1.7.0_60]
	at sun.reflect.NativeMethodAccessorImpl.invoke(NativeMethodAccessorImpl.java:57) ~[na:1.7.0_60]
	at sun.reflect.DelegatingMethodAccessorImpl.invoke(DelegatingMethodAccessorImpl.java:43) ~[na:1.7.0_60]
	at java.lang.reflect.Method.invoke(Method.java:606) ~[na:1.7.0_60]
	at org.openqa.selenium.support.events.EventFiringWebDriver$2.invoke(EventFiringWebDriver.java:101) ~[selenium-server-standalone-2.42.2.jar:na]
	at com.sun.proxy.$Proxy9.quit(Unknown Source) ~[na:na]
	at org.openqa.selenium.support.events.EventFiringWebDriver.quit(EventFiringWebDriver.java:198) ~[selenium-server-standalone-2.42.2.jar:na]
	at main.Driver.WebDriverFactory.dismissDriver(WebDriverFactory.java:98) ~[classes/:na]
	at main.Driver.WebDriverFactory$1.run(WebDriverFactory.java:164) ~[classes/:na]
Caused by: org.apache.http.NoHttpResponseException: The target server failed to respond
	at org.apache.http.impl.conn.DefaultHttpResponseParser.parseHead(DefaultHttpResponseParser.java:143) ~[selenium-server-standalone-2.42.2.jar:na]
	at org.apache.http.impl.conn.DefaultHttpResponseParser.parseHead(DefaultHttpResponseParser.java:57) ~[selenium-server-standalone-2.42.2.jar:na]
	at org.apache.http.impl.io.AbstractMessageParser.parse(AbstractMessageParser.java:260) ~[selenium-server-standalone-2.42.2.jar:na]
	at org.apache.http.impl.DefaultBHttpClientConnection.receiveResponseHeader(DefaultBHttpClientConnection.java:161) ~[selenium-server-standalone-2.42.2.jar:na]
	at sun.reflect.GeneratedMethodAccessor7.invoke(Unknown Source) ~[na:na]
	at sun.reflect.DelegatingMethodAccessorImpl.invoke(DelegatingMethodAccessorImpl.java:43) ~[na:1.7.0_60]
	at java.lang.reflect.Method.invoke(Method.java:606) ~[na:1.7.0_60]
	at org.apache.http.impl.conn.CPoolProxy.invoke(CPoolProxy.java:138) ~[selenium-server-standalone-2.42.2.jar:na]
	at com.sun.proxy.$Proxy6.receiveResponseHeader(Unknown Source) ~[na:na]
	at org.apache.http.protocol.HttpRequestExecutor.doReceiveResponse(HttpRequestExecutor.java:271) ~[selenium-server-standalone-2.42.2.jar:na]
	at org.apache.http.protocol.HttpRequestExecutor.execute(HttpRequestExecutor.java:123) ~[selenium-server-standalone-2.42.2.jar:na]
	at org.apache.http.impl.execchain.MainClientExec.execute(MainClientExec.java:254) ~[selenium-server-standalone-2.42.2.jar:na]
	at org.apache.http.impl.execchain.ProtocolExec.execute(ProtocolExec.java:195) ~[selenium-server-standalone-2.42.2.jar:na]
	at org.apache.http.impl.execchain.RetryExec.execute(RetryExec.java:85) ~[selenium-server-standalone-2.42.2.jar:na]
	at org.apache.http.impl.execchain.RedirectExec.execute(RedirectExec.java:108) ~[selenium-server-standalone-2.42.2.jar:na]
	at org.apache.http.impl.client.InternalHttpClient.doExecute(InternalHttpClient.java:186) ~[selenium-server-standalone-2.42.2.jar:na]
	at org.apache.http.impl.client.CloseableHttpClient.execute(CloseableHttpClient.java:72) ~[selenium-server-standalone-2.42.2.jar:na]
	at org.apache.http.impl.client.CloseableHttpClient.execute(CloseableHttpClient.java:57) ~[selenium-server-standalone-2.42.2.jar:na]
	at org.openqa.selenium.remote.HttpCommandExecutor.fallBackExecute(HttpCommandExecutor.java:222) ~[selenium-server-standalone-2.42.2.jar:na]
	at org.openqa.selenium.remote.HttpCommandExecutor.execute(HttpCommandExecutor.java:173) ~[selenium-server-standalone-2.42.2.jar:na]
	at org.openqa.selenium.firefox.internal.NewProfileExtensionConnection.execute(NewProfileExtensionConnection.java:165) ~[selenium-server-standalone-2.42.2.jar:na]
	at org.openqa.selenium.firefox.FirefoxDriver$LazyCommandExecutor.execute(FirefoxDriver.java:362) ~[selenium-server-standalone-2.42.2.jar:na]
	at org.openqa.selenium.remote.RemoteWebDriver.execute(RemoteWebDriver.java:572) ~[selenium-server-standalone-2.42.2.jar:na]
	... 11 common frames omitted
12546 [Thread-0] ERROR m.Driver.MyWebDriverEventListener - ________________________________________________________________________________________________________________
12548 [Thread-0] WARN  main.Driver.WebDriverFactory - Driver killing error
org.openqa.selenium.remote.SessionNotFoundException: The FirefoxDriver cannot be used after quit() was called.
Build info: version: '2.42.2', revision: '6a6995d', time: '2014-06-03 17:42:03'
System info: host: 'alexandra-System-Product-Name', ip: '127.0.1.1', os.name: 'Linux', os.arch: 'amd64', os.version: '3.2.0-23-generic', java.version: '1.7.0_60'
Driver info: driver.version: EventFiringWebDriver
	at org.openqa.selenium.firefox.FirefoxDriver$LazyCommandExecutor.execute(FirefoxDriver.java:359) ~[selenium-server-standalone-2.42.2.jar:na]
	at org.openqa.selenium.remote.RemoteWebDriver.execute(RemoteWebDriver.java:572) ~[selenium-server-standalone-2.42.2.jar:na]
	at org.openqa.selenium.remote.RemoteWebDriver.executeScript(RemoteWebDriver.java:508) ~[selenium-server-standalone-2.42.2.jar:na]
	at main.Driver.MyWebDriverEventListener.onException(MyWebDriverEventListener.java:65) ~[classes/:na]
	at sun.reflect.NativeMethodAccessorImpl.invoke0(Native Method) ~[na:1.7.0_60]
	at sun.reflect.NativeMethodAccessorImpl.invoke(NativeMethodAccessorImpl.java:57) ~[na:1.7.0_60]
	at sun.reflect.DelegatingMethodAccessorImpl.invoke(DelegatingMethodAccessorImpl.java:43) ~[na:1.7.0_60]
	at java.lang.reflect.Method.invoke(Method.java:606) ~[na:1.7.0_60]
	at org.openqa.selenium.support.events.EventFiringWebDriver$1.invoke(EventFiringWebDriver.java:78) ~[selenium-server-standalone-2.42.2.jar:na]
	at com.sun.proxy.$Proxy8.onException(Unknown Source) ~[na:na]
	at org.openqa.selenium.support.events.EventFiringWebDriver$2.invoke(EventFiringWebDriver.java:103) ~[selenium-server-standalone-2.42.2.jar:na]
	at com.sun.proxy.$Proxy9.quit(Unknown Source) ~[na:na]
	at org.openqa.selenium.support.events.EventFiringWebDriver.quit(EventFiringWebDriver.java:198) ~[selenium-server-standalone-2.42.2.jar:na]
	at main.Driver.WebDriverFactory.dismissDriver(WebDriverFactory.java:98) ~[classes/:na]
	at main.Driver.WebDriverFactory$1.run(WebDriverFactory.java:164) [classes/:na]
270  [main] INFO  test.java.LogTest - ______________________________________class test.java.TimeZone______________________________________
280  [main] DEBUG main.Driver.WebDriverFactory - Requested driver: Capabilities [{browserName=firefox}]:null. Driver uses count = 1
3594 [main] INFO  test.java.LogTest - _______________________Test = freeHangoutCreation()_______________________
3598 [main] INFO  m.Driver.MyWebDriverEventListener - WebDriver navigating to:'https://testun.com.ua/sys/sys/test_cookie_key'
4212 [main] INFO  m.Driver.MyWebDriverEventListener - WebDriver navigating to:'https://testun.com.ua/conference/40328'
9038 [Thread-0] DEBUG main.Driver.WebDriverFactory - Killing driver 
11131 [Thread-0] ERROR m.Driver.MyWebDriverEventListener - ________________________________________________________________________________________________________________
11139 [Thread-0] ERROR m.Driver.MyWebDriverEventListener - WebDriver error:
org.openqa.selenium.remote.UnreachableBrowserException: Error communicating with the remote browser. It may have died.
Build info: version: '2.42.2', revision: '6a6995d', time: '2014-06-03 17:42:03'
System info: host: 'alexandra-System-Product-Name', ip: '127.0.1.1', os.name: 'Linux', os.arch: 'amd64', os.version: '3.2.0-23-generic', java.version: '1.7.0_60'
Driver info: driver.version: EventFiringWebDriver
	at org.openqa.selenium.remote.RemoteWebDriver.execute(RemoteWebDriver.java:593) ~[selenium-server-standalone-2.42.2.jar:na]
	at org.openqa.selenium.remote.RemoteWebDriver.execute(RemoteWebDriver.java:614) ~[selenium-server-standalone-2.42.2.jar:na]
	at org.openqa.selenium.remote.RemoteWebDriver.quit(RemoteWebDriver.java:468) ~[selenium-server-standalone-2.42.2.jar:na]
	at sun.reflect.NativeMethodAccessorImpl.invoke0(Native Method) ~[na:1.7.0_60]
	at sun.reflect.NativeMethodAccessorImpl.invoke(NativeMethodAccessorImpl.java:57) ~[na:1.7.0_60]
	at sun.reflect.DelegatingMethodAccessorImpl.invoke(DelegatingMethodAccessorImpl.java:43) ~[na:1.7.0_60]
	at java.lang.reflect.Method.invoke(Method.java:606) ~[na:1.7.0_60]
	at org.openqa.selenium.support.events.EventFiringWebDriver$2.invoke(EventFiringWebDriver.java:101) ~[selenium-server-standalone-2.42.2.jar:na]
	at com.sun.proxy.$Proxy9.quit(Unknown Source) ~[na:na]
	at org.openqa.selenium.support.events.EventFiringWebDriver.quit(EventFiringWebDriver.java:198) ~[selenium-server-standalone-2.42.2.jar:na]
	at main.Driver.WebDriverFactory.dismissDriver(WebDriverFactory.java:98) ~[classes/:na]
	at main.Driver.WebDriverFactory$1.run(WebDriverFactory.java:164) ~[classes/:na]
Caused by: org.apache.http.NoHttpResponseException: The target server failed to respond
	at org.apache.http.impl.conn.DefaultHttpResponseParser.parseHead(DefaultHttpResponseParser.java:143) ~[selenium-server-standalone-2.42.2.jar:na]
	at org.apache.http.impl.conn.DefaultHttpResponseParser.parseHead(DefaultHttpResponseParser.java:57) ~[selenium-server-standalone-2.42.2.jar:na]
	at org.apache.http.impl.io.AbstractMessageParser.parse(AbstractMessageParser.java:260) ~[selenium-server-standalone-2.42.2.jar:na]
	at org.apache.http.impl.DefaultBHttpClientConnection.receiveResponseHeader(DefaultBHttpClientConnection.java:161) ~[selenium-server-standalone-2.42.2.jar:na]
	at sun.reflect.GeneratedMethodAccessor7.invoke(Unknown Source) ~[na:na]
	at sun.reflect.DelegatingMethodAccessorImpl.invoke(DelegatingMethodAccessorImpl.java:43) ~[na:1.7.0_60]
	at java.lang.reflect.Method.invoke(Method.java:606) ~[na:1.7.0_60]
	at org.apache.http.impl.conn.CPoolProxy.invoke(CPoolProxy.java:138) ~[selenium-server-standalone-2.42.2.jar:na]
	at com.sun.proxy.$Proxy6.receiveResponseHeader(Unknown Source) ~[na:na]
	at org.apache.http.protocol.HttpRequestExecutor.doReceiveResponse(HttpRequestExecutor.java:271) ~[selenium-server-standalone-2.42.2.jar:na]
	at org.apache.http.protocol.HttpRequestExecutor.execute(HttpRequestExecutor.java:123) ~[selenium-server-standalone-2.42.2.jar:na]
	at org.apache.http.impl.execchain.MainClientExec.execute(MainClientExec.java:254) ~[selenium-server-standalone-2.42.2.jar:na]
	at org.apache.http.impl.execchain.ProtocolExec.execute(ProtocolExec.java:195) ~[selenium-server-standalone-2.42.2.jar:na]
	at org.apache.http.impl.execchain.RetryExec.execute(RetryExec.java:85) ~[selenium-server-standalone-2.42.2.jar:na]
	at org.apache.http.impl.execchain.RedirectExec.execute(RedirectExec.java:108) ~[selenium-server-standalone-2.42.2.jar:na]
	at org.apache.http.impl.client.InternalHttpClient.doExecute(InternalHttpClient.java:186) ~[selenium-server-standalone-2.42.2.jar:na]
	at org.apache.http.impl.client.CloseableHttpClient.execute(CloseableHttpClient.java:72) ~[selenium-server-standalone-2.42.2.jar:na]
	at org.apache.http.impl.client.CloseableHttpClient.execute(CloseableHttpClient.java:57) ~[selenium-server-standalone-2.42.2.jar:na]
	at org.openqa.selenium.remote.HttpCommandExecutor.fallBackExecute(HttpCommandExecutor.java:222) ~[selenium-server-standalone-2.42.2.jar:na]
	at org.openqa.selenium.remote.HttpCommandExecutor.execute(HttpCommandExecutor.java:173) ~[selenium-server-standalone-2.42.2.jar:na]
	at org.openqa.selenium.firefox.internal.NewProfileExtensionConnection.execute(NewProfileExtensionConnection.java:165) ~[selenium-server-standalone-2.42.2.jar:na]
	at org.openqa.selenium.firefox.FirefoxDriver$LazyCommandExecutor.execute(FirefoxDriver.java:362) ~[selenium-server-standalone-2.42.2.jar:na]
	at org.openqa.selenium.remote.RemoteWebDriver.execute(RemoteWebDriver.java:572) ~[selenium-server-standalone-2.42.2.jar:na]
	... 11 common frames omitted
11139 [Thread-0] ERROR m.Driver.MyWebDriverEventListener - ________________________________________________________________________________________________________________
11141 [Thread-0] WARN  main.Driver.WebDriverFactory - Driver killing error
org.openqa.selenium.remote.SessionNotFoundException: The FirefoxDriver cannot be used after quit() was called.
Build info: version: '2.42.2', revision: '6a6995d', time: '2014-06-03 17:42:03'
System info: host: 'alexandra-System-Product-Name', ip: '127.0.1.1', os.name: 'Linux', os.arch: 'amd64', os.version: '3.2.0-23-generic', java.version: '1.7.0_60'
Driver info: driver.version: EventFiringWebDriver
	at org.openqa.selenium.firefox.FirefoxDriver$LazyCommandExecutor.execute(FirefoxDriver.java:359) ~[selenium-server-standalone-2.42.2.jar:na]
	at org.openqa.selenium.remote.RemoteWebDriver.execute(RemoteWebDriver.java:572) ~[selenium-server-standalone-2.42.2.jar:na]
	at org.openqa.selenium.remote.RemoteWebDriver.executeScript(RemoteWebDriver.java:508) ~[selenium-server-standalone-2.42.2.jar:na]
	at main.Driver.MyWebDriverEventListener.onException(MyWebDriverEventListener.java:65) ~[classes/:na]
	at sun.reflect.NativeMethodAccessorImpl.invoke0(Native Method) ~[na:1.7.0_60]
	at sun.reflect.NativeMethodAccessorImpl.invoke(NativeMethodAccessorImpl.java:57) ~[na:1.7.0_60]
	at sun.reflect.DelegatingMethodAccessorImpl.invoke(DelegatingMethodAccessorImpl.java:43) ~[na:1.7.0_60]
	at java.lang.reflect.Method.invoke(Method.java:606) ~[na:1.7.0_60]
	at org.openqa.selenium.support.events.EventFiringWebDriver$1.invoke(EventFiringWebDriver.java:78) ~[selenium-server-standalone-2.42.2.jar:na]
	at com.sun.proxy.$Proxy8.onException(Unknown Source) ~[na:na]
	at org.openqa.selenium.support.events.EventFiringWebDriver$2.invoke(EventFiringWebDriver.java:103) ~[selenium-server-standalone-2.42.2.jar:na]
	at com.sun.proxy.$Proxy9.quit(Unknown Source) ~[na:na]
	at org.openqa.selenium.support.events.EventFiringWebDriver.quit(EventFiringWebDriver.java:198) ~[selenium-server-standalone-2.42.2.jar:na]
	at main.Driver.WebDriverFactory.dismissDriver(WebDriverFactory.java:98) ~[classes/:na]
	at main.Driver.WebDriverFactory$1.run(WebDriverFactory.java:164) [classes/:na]
270  [main] INFO  test.java.LogTest - ______________________________________class test.java.TimeZone______________________________________
279  [main] DEBUG main.Driver.WebDriverFactory - Requested driver: Capabilities [{browserName=firefox}]:null. Driver uses count = 1
3589 [main] INFO  test.java.LogTest - _______________________Test = freeHangoutCreation()_______________________
3594 [main] INFO  m.Driver.MyWebDriverEventListener - WebDriver navigating to:'https://testun.com.ua/sys/sys/test_cookie_key'
4280 [main] INFO  m.Driver.MyWebDriverEventListener - WebDriver navigating to:'https://testun.com.ua/conference/40328'
9132 [Thread-0] DEBUG main.Driver.WebDriverFactory - Killing driver 
268  [main] INFO  test.java.LogTest - ______________________________________class test.java.TimeZone______________________________________
278  [main] DEBUG main.Driver.WebDriverFactory - Requested driver: Capabilities [{browserName=firefox}]:null. Driver uses count = 1
3673 [main] INFO  test.java.LogTest - _______________________Test = freeHangoutCreation()_______________________
3676 [main] INFO  m.Driver.MyWebDriverEventListener - WebDriver navigating to:'https://testun.com.ua/sys/sys/test_cookie_key'
4369 [main] INFO  m.Driver.MyWebDriverEventListener - WebDriver navigating to:'https://testun.com.ua/conference/40328'
7331 [Thread-0] DEBUG main.Driver.WebDriverFactory - Killing driver 
